<html>
<head>
<title>TestNG:  Default test</title>
<link href="../testng.css" rel="stylesheet" type="text/css" />
<link href="../my-testng.css" rel="stylesheet" type="text/css" />

<style type="text/css">
.log { display: none;} 
.stack-trace { display: none;} 
</style>
<script type="text/javascript">
<!--
function flip(e) {
  current = e.style.display;
  if (current == 'block') {
    e.style.display = 'none';
    return 0;
  }
  else {
    e.style.display = 'block';
    return 1;
  }
}

function toggleBox(szDivId, elem, msg1, msg2)
{
  var res = -1;  if (document.getElementById) {
    res = flip(document.getElementById(szDivId));
  }
  else if (document.all) {
    // this is the way old msie versions work
    res = flip(document.all[szDivId]);
  }
  if(elem) {
    if(res == 0) elem.innerHTML = msg1; else elem.innerHTML = msg2;
  }

}

function toggleAllBoxes() {
  if (document.getElementsByTagName) {
    d = document.getElementsByTagName('div');
    for (i = 0; i < d.length; i++) {
      if (d[i].className == 'log') {
        flip(d[i]);
      }
    }
  }
}

// -->
</script>

</head>
<body>
<h2 align='center'>Default test</h2><table border='1' align="center">
<tr>
<td>Tests passed/Failed/Skipped:</td><td>67/3/0</td>
</tr><tr>
<td>Started on:</td><td>Thu Dec 03 08:49:56 CST 2020</td>
</tr>
<tr><td>Total time:</td><td>1506 seconds (1506530 ms)</td>
</tr><tr>
<td>Included groups:</td><td></td>
</tr><tr>
<td>Excluded groups:</td><td></td>
</tr>
</table><p/>
<small><i>(Hover the method name to see the test class name)</i></small><p/>
<table width='100%' border='1' class='invocation-failed'>
<tr><td colspan='4' align='center'><b>FAILED TESTS</b></td></tr>
<tr><td><b>Test method</b></td>
<td width="30%"><b>Exception</b></td>
<td width="10%"><b>Time (seconds)</b></td>
<td><b>Instance</b></td>
</tr>
<tr>
<td title='com.test.demo.SmokeTesting.testChangeDefaultAdminEmail()'><b>testChangeDefaultAdminEmail</b><br>Test class: com.test.demo.SmokeTesting</td>
<td><div><pre>java.lang.AssertionError: expected [testchangedemail@qq.com] but found [314956177@qq.com]
	at org.testng.Assert.fail(Assert.java:97)
	at org.testng.Assert.assertEqualsImpl(Assert.java:136)
	at org.testng.Assert.assertEquals(Assert.java:118)
	at org.testng.Assert.assertEquals(Assert.java:575)
	at org.testng.Assert.assertEquals(Assert.java:585)
	at com.test.demo.SmokeTesting.testChangeDefaultAdminEmail(SmokeTesting.java:498)
	at sun.reflect.NativeMethodAccessorImpl.invoke0(Native Method)
	at sun.reflect.NativeMethodAccessorImpl.invoke(Unknown Source)
	at sun.reflect.DelegatingMethodAccessorImpl.invoke(Unknown Source)
	at java.lang.reflect.Method.invoke(Unknown Source)
	at org.testng.internal.MethodInvocationHelper.invokeMethod(MethodInvocationHelper.java:134)
	at org.testng.internal.TestInvoker.invokeMethod(TestInvoker.java:597)
	at org.testng.internal.TestInvoker.invokeTestMethod(TestInvoker.java:173)
	at org.testng.internal.MethodRunner.runInSequence(MethodRunner.java:46)
	at org.testng.internal.TestInvoker$MethodInvocationAgent.invoke(TestInvoker.java:816)
	at org.testng.internal.TestInvoker.invokeTestMethods(TestInvoker.java:146)
	at org.testng.internal.TestMethodWorker.invokeTestMethods(TestMethodWorker.java:146)
	at org.testng.internal.TestMethodWorker.run(TestMethodWorker.java:128)
	at java.util.ArrayList.forEach(Unknown Source)
	at org.testng.TestRunner.privateRun(TestRunner.java:766)
	at org.testng.TestRunner.run(TestRunner.java:587)
	at org.testng.SuiteRunner.runTest(SuiteRunner.java:384)
	at org.testng.SuiteRunner.runSequentially(SuiteRunner.java:378)
	at org.testng.SuiteRunner.privateRun(SuiteRunner.java:337)
	at org.testng.SuiteRunner.run(SuiteRunner.java:286)
	at org.testng.SuiteRunnerWorker.runSuite(SuiteRunnerWorker.java:53)
	at org.testng.SuiteRunnerWorker.run(SuiteRunnerWorker.java:96)
	at org.testng.TestNG.runSuitesSequentially(TestNG.java:1187)
	at org.testng.TestNG.runSuitesLocally(TestNG.java:1109)
	at org.testng.TestNG.runSuites(TestNG.java:1039)
	at org.testng.TestNG.run(TestNG.java:1007)
	at org.testng.remote.AbstractRemoteTestNG.run(AbstractRemoteTestNG.java:115)
	at org.testng.remote.RemoteTestNG.initAndRun(RemoteTestNG.java:251)
	at org.testng.remote.RemoteTestNG.main(RemoteTestNG.java:77)
</pre></div><a href='#' onClick='toggleBox("stack-trace743893925", this, "Click to show all stack frames", "Click to hide stack frames")'>Click to show all stack frames</a>
<div class='stack-trace' id='stack-trace743893925'><pre>java.lang.AssertionError: expected [testchangedemail@qq.com] but found [314956177@qq.com]
	at org.testng.Assert.fail(Assert.java:97)
	at org.testng.Assert.assertEqualsImpl(Assert.java:136)
	at org.testng.Assert.assertEquals(Assert.java:118)
	at org.testng.Assert.assertEquals(Assert.java:575)
	at org.testng.Assert.assertEquals(Assert.java:585)
	at com.test.demo.SmokeTesting.testChangeDefaultAdminEmail(SmokeTesting.java:498)
	at sun.reflect.NativeMethodAccessorImpl.invoke0(Native Method)
	at sun.reflect.NativeMethodAccessorImpl.invoke(Unknown Source)
	at sun.reflect.DelegatingMethodAccessorImpl.invoke(Unknown Source)
	at java.lang.reflect.Method.invoke(Unknown Source)
	at org.testng.internal.MethodInvocationHelper.invokeMethod(MethodInvocationHelper.java:134)
	at org.testng.internal.TestInvoker.invokeMethod(TestInvoker.java:597)
	at org.testng.internal.TestInvoker.invokeTestMethod(TestInvoker.java:173)
	at org.testng.internal.MethodRunner.runInSequence(MethodRunner.java:46)
	at org.testng.internal.TestInvoker$MethodInvocationAgent.invoke(TestInvoker.java:816)
	at org.testng.internal.TestInvoker.invokeTestMethods(TestInvoker.java:146)
	at org.testng.internal.TestMethodWorker.invokeTestMethods(TestMethodWorker.java:146)
	at org.testng.internal.TestMethodWorker.run(TestMethodWorker.java:128)
	at java.util.ArrayList.forEach(Unknown Source)
	at org.testng.TestRunner.privateRun(TestRunner.java:766)
	at org.testng.TestRunner.run(TestRunner.java:587)
	at org.testng.SuiteRunner.runTest(SuiteRunner.java:384)
	at org.testng.SuiteRunner.runSequentially(SuiteRunner.java:378)
	at org.testng.SuiteRunner.privateRun(SuiteRunner.java:337)
	at org.testng.SuiteRunner.run(SuiteRunner.java:286)
	at org.testng.SuiteRunnerWorker.runSuite(SuiteRunnerWorker.java:53)
	at org.testng.SuiteRunnerWorker.run(SuiteRunnerWorker.java:96)
	at org.testng.TestNG.runSuitesSequentially(TestNG.java:1187)
	at org.testng.TestNG.runSuitesLocally(TestNG.java:1109)
	at org.testng.TestNG.runSuites(TestNG.java:1039)
	at org.testng.TestNG.run(TestNG.java:1007)
	at org.testng.remote.AbstractRemoteTestNG.run(AbstractRemoteTestNG.java:115)
	at org.testng.remote.RemoteTestNG.initAndRun(RemoteTestNG.java:251)
	at org.testng.remote.RemoteTestNG.main(RemoteTestNG.java:77)
</pre></div></td>
<td>23</td>
<td>com.test.demo.SmokeTesting@3fd7a715</td></tr>
<tr>
<td title='com.test.demo.SmokeTesting.testChangeSiteAdminName()'><b>testChangeSiteAdminName</b><br>Test class: com.test.demo.SmokeTesting</td>
<td><div><pre>java.lang.AssertionError: expected [testChangedAdmin] but found [Administrator]
	at org.testng.Assert.fail(Assert.java:97)
	at org.testng.Assert.assertEqualsImpl(Assert.java:136)
	at org.testng.Assert.assertEquals(Assert.java:118)
	at org.testng.Assert.assertEquals(Assert.java:575)
	at org.testng.Assert.assertEquals(Assert.java:585)
	at com.test.demo.SmokeTesting.testChangeSiteAdminName(SmokeTesting.java:511)
	at sun.reflect.NativeMethodAccessorImpl.invoke0(Native Method)
	at sun.reflect.NativeMethodAccessorImpl.invoke(Unknown Source)
	at sun.reflect.DelegatingMethodAccessorImpl.invoke(Unknown Source)
	at java.lang.reflect.Method.invoke(Unknown Source)
	at org.testng.internal.MethodInvocationHelper.invokeMethod(MethodInvocationHelper.java:134)
	at org.testng.internal.TestInvoker.invokeMethod(TestInvoker.java:597)
	at org.testng.internal.TestInvoker.invokeTestMethod(TestInvoker.java:173)
	at org.testng.internal.MethodRunner.runInSequence(MethodRunner.java:46)
	at org.testng.internal.TestInvoker$MethodInvocationAgent.invoke(TestInvoker.java:816)
	at org.testng.internal.TestInvoker.invokeTestMethods(TestInvoker.java:146)
	at org.testng.internal.TestMethodWorker.invokeTestMethods(TestMethodWorker.java:146)
	at org.testng.internal.TestMethodWorker.run(TestMethodWorker.java:128)
	at java.util.ArrayList.forEach(Unknown Source)
	at org.testng.TestRunner.privateRun(TestRunner.java:766)
	at org.testng.TestRunner.run(TestRunner.java:587)
	at org.testng.SuiteRunner.runTest(SuiteRunner.java:384)
	at org.testng.SuiteRunner.runSequentially(SuiteRunner.java:378)
	at org.testng.SuiteRunner.privateRun(SuiteRunner.java:337)
	at org.testng.SuiteRunner.run(SuiteRunner.java:286)
	at org.testng.SuiteRunnerWorker.runSuite(SuiteRunnerWorker.java:53)
	at org.testng.SuiteRunnerWorker.run(SuiteRunnerWorker.java:96)
	at org.testng.TestNG.runSuitesSequentially(TestNG.java:1187)
	at org.testng.TestNG.runSuitesLocally(TestNG.java:1109)
	at org.testng.TestNG.runSuites(TestNG.java:1039)
	at org.testng.TestNG.run(TestNG.java:1007)
	at org.testng.remote.AbstractRemoteTestNG.run(AbstractRemoteTestNG.java:115)
	at org.testng.remote.RemoteTestNG.initAndRun(RemoteTestNG.java:251)
	at org.testng.remote.RemoteTestNG.main(RemoteTestNG.java:77)
</pre></div><a href='#' onClick='toggleBox("stack-trace675157849", this, "Click to show all stack frames", "Click to hide stack frames")'>Click to show all stack frames</a>
<div class='stack-trace' id='stack-trace675157849'><pre>java.lang.AssertionError: expected [testChangedAdmin] but found [Administrator]
	at org.testng.Assert.fail(Assert.java:97)
	at org.testng.Assert.assertEqualsImpl(Assert.java:136)
	at org.testng.Assert.assertEquals(Assert.java:118)
	at org.testng.Assert.assertEquals(Assert.java:575)
	at org.testng.Assert.assertEquals(Assert.java:585)
	at com.test.demo.SmokeTesting.testChangeSiteAdminName(SmokeTesting.java:511)
	at sun.reflect.NativeMethodAccessorImpl.invoke0(Native Method)
	at sun.reflect.NativeMethodAccessorImpl.invoke(Unknown Source)
	at sun.reflect.DelegatingMethodAccessorImpl.invoke(Unknown Source)
	at java.lang.reflect.Method.invoke(Unknown Source)
	at org.testng.internal.MethodInvocationHelper.invokeMethod(MethodInvocationHelper.java:134)
	at org.testng.internal.TestInvoker.invokeMethod(TestInvoker.java:597)
	at org.testng.internal.TestInvoker.invokeTestMethod(TestInvoker.java:173)
	at org.testng.internal.MethodRunner.runInSequence(MethodRunner.java:46)
	at org.testng.internal.TestInvoker$MethodInvocationAgent.invoke(TestInvoker.java:816)
	at org.testng.internal.TestInvoker.invokeTestMethods(TestInvoker.java:146)
	at org.testng.internal.TestMethodWorker.invokeTestMethods(TestMethodWorker.java:146)
	at org.testng.internal.TestMethodWorker.run(TestMethodWorker.java:128)
	at java.util.ArrayList.forEach(Unknown Source)
	at org.testng.TestRunner.privateRun(TestRunner.java:766)
	at org.testng.TestRunner.run(TestRunner.java:587)
	at org.testng.SuiteRunner.runTest(SuiteRunner.java:384)
	at org.testng.SuiteRunner.runSequentially(SuiteRunner.java:378)
	at org.testng.SuiteRunner.privateRun(SuiteRunner.java:337)
	at org.testng.SuiteRunner.run(SuiteRunner.java:286)
	at org.testng.SuiteRunnerWorker.runSuite(SuiteRunnerWorker.java:53)
	at org.testng.SuiteRunnerWorker.run(SuiteRunnerWorker.java:96)
	at org.testng.TestNG.runSuitesSequentially(TestNG.java:1187)
	at org.testng.TestNG.runSuitesLocally(TestNG.java:1109)
	at org.testng.TestNG.runSuites(TestNG.java:1039)
	at org.testng.TestNG.run(TestNG.java:1007)
	at org.testng.remote.AbstractRemoteTestNG.run(AbstractRemoteTestNG.java:115)
	at org.testng.remote.RemoteTestNG.initAndRun(RemoteTestNG.java:251)
	at org.testng.remote.RemoteTestNG.main(RemoteTestNG.java:77)
</pre></div></td>
<td>21</td>
<td>com.test.demo.SmokeTesting@3fd7a715</td></tr>
<tr>
<td title='com.test.demo.SmokeTesting.testContainerOn()'><b>testContainerOn</b><br>Test class: com.test.demo.SmokeTesting</td>
<td><div><pre>java.lang.AssertionError: expected [true] but found [false]
	at org.testng.Assert.fail(Assert.java:97)
	at org.testng.Assert.failNotEquals(Assert.java:969)
	at org.testng.Assert.assertTrue(Assert.java:43)
	at org.testng.Assert.assertTrue(Assert.java:53)
	at com.test.demo.SmokeTesting.testContainerOn(SmokeTesting.java:116)
	at sun.reflect.NativeMethodAccessorImpl.invoke0(Native Method)
	at sun.reflect.NativeMethodAccessorImpl.invoke(Unknown Source)
	at sun.reflect.DelegatingMethodAccessorImpl.invoke(Unknown Source)
	at java.lang.reflect.Method.invoke(Unknown Source)
	at org.testng.internal.MethodInvocationHelper.invokeMethod(MethodInvocationHelper.java:134)
	at org.testng.internal.TestInvoker.invokeMethod(TestInvoker.java:597)
	at org.testng.internal.TestInvoker.invokeTestMethod(TestInvoker.java:173)
	at org.testng.internal.MethodRunner.runInSequence(MethodRunner.java:46)
	at org.testng.internal.TestInvoker$MethodInvocationAgent.invoke(TestInvoker.java:816)
	at org.testng.internal.TestInvoker.invokeTestMethods(TestInvoker.java:146)
	at org.testng.internal.TestMethodWorker.invokeTestMethods(TestMethodWorker.java:146)
	at org.testng.internal.TestMethodWorker.run(TestMethodWorker.java:128)
	at java.util.ArrayList.forEach(Unknown Source)
	at org.testng.TestRunner.privateRun(TestRunner.java:766)
	at org.testng.TestRunner.run(TestRunner.java:587)
	at org.testng.SuiteRunner.runTest(SuiteRunner.java:384)
	at org.testng.SuiteRunner.runSequentially(SuiteRunner.java:378)
	at org.testng.SuiteRunner.privateRun(SuiteRunner.java:337)
	at org.testng.SuiteRunner.run(SuiteRunner.java:286)
	at org.testng.SuiteRunnerWorker.runSuite(SuiteRunnerWorker.java:53)
	at org.testng.SuiteRunnerWorker.run(SuiteRunnerWorker.java:96)
	at org.testng.TestNG.runSuitesSequentially(TestNG.java:1187)
	at org.testng.TestNG.runSuitesLocally(TestNG.java:1109)
	at org.testng.TestNG.runSuites(TestNG.java:1039)
	at org.testng.TestNG.run(TestNG.java:1007)
	at org.testng.remote.AbstractRemoteTestNG.run(AbstractRemoteTestNG.java:115)
	at org.testng.remote.RemoteTestNG.initAndRun(RemoteTestNG.java:251)
	at org.testng.remote.RemoteTestNG.main(RemoteTestNG.java:77)
</pre></div><a href='#' onClick='toggleBox("stack-trace1088491512", this, "Click to show all stack frames", "Click to hide stack frames")'>Click to show all stack frames</a>
<div class='stack-trace' id='stack-trace1088491512'><pre>java.lang.AssertionError: expected [true] but found [false]
	at org.testng.Assert.fail(Assert.java:97)
	at org.testng.Assert.failNotEquals(Assert.java:969)
	at org.testng.Assert.assertTrue(Assert.java:43)
	at org.testng.Assert.assertTrue(Assert.java:53)
	at com.test.demo.SmokeTesting.testContainerOn(SmokeTesting.java:116)
	at sun.reflect.NativeMethodAccessorImpl.invoke0(Native Method)
	at sun.reflect.NativeMethodAccessorImpl.invoke(Unknown Source)
	at sun.reflect.DelegatingMethodAccessorImpl.invoke(Unknown Source)
	at java.lang.reflect.Method.invoke(Unknown Source)
	at org.testng.internal.MethodInvocationHelper.invokeMethod(MethodInvocationHelper.java:134)
	at org.testng.internal.TestInvoker.invokeMethod(TestInvoker.java:597)
	at org.testng.internal.TestInvoker.invokeTestMethod(TestInvoker.java:173)
	at org.testng.internal.MethodRunner.runInSequence(MethodRunner.java:46)
	at org.testng.internal.TestInvoker$MethodInvocationAgent.invoke(TestInvoker.java:816)
	at org.testng.internal.TestInvoker.invokeTestMethods(TestInvoker.java:146)
	at org.testng.internal.TestMethodWorker.invokeTestMethods(TestMethodWorker.java:146)
	at org.testng.internal.TestMethodWorker.run(TestMethodWorker.java:128)
	at java.util.ArrayList.forEach(Unknown Source)
	at org.testng.TestRunner.privateRun(TestRunner.java:766)
	at org.testng.TestRunner.run(TestRunner.java:587)
	at org.testng.SuiteRunner.runTest(SuiteRunner.java:384)
	at org.testng.SuiteRunner.runSequentially(SuiteRunner.java:378)
	at org.testng.SuiteRunner.privateRun(SuiteRunner.java:337)
	at org.testng.SuiteRunner.run(SuiteRunner.java:286)
	at org.testng.SuiteRunnerWorker.runSuite(SuiteRunnerWorker.java:53)
	at org.testng.SuiteRunnerWorker.run(SuiteRunnerWorker.java:96)
	at org.testng.TestNG.runSuitesSequentially(TestNG.java:1187)
	at org.testng.TestNG.runSuitesLocally(TestNG.java:1109)
	at org.testng.TestNG.runSuites(TestNG.java:1039)
	at org.testng.TestNG.run(TestNG.java:1007)
	at org.testng.remote.AbstractRemoteTestNG.run(AbstractRemoteTestNG.java:115)
	at org.testng.remote.RemoteTestNG.initAndRun(RemoteTestNG.java:251)
	at org.testng.remote.RemoteTestNG.main(RemoteTestNG.java:77)
</pre></div></td>
<td>14</td>
<td>com.test.demo.SmokeTesting@3fd7a715</td></tr>
</table><p>
<table width='100%' border='1' class='invocation-passed'>
<tr><td colspan='4' align='center'><b>PASSED TESTS</b></td></tr>
<tr><td><b>Test method</b></td>
<td width="30%"><b>Exception</b></td>
<td width="10%"><b>Time (seconds)</b></td>
<td><b>Instance</b></td>
</tr>
<tr>
<td title='com.test.demo.SmokeTesting.testAddLanguage()'><b>testAddLanguage</b><br>Test class: com.test.demo.SmokeTesting</td>
<td></td>
<td>28</td>
<td>com.test.demo.SmokeTesting@3fd7a715</td></tr>
<tr>
<td title='com.test.demo.SmokeTesting.testChangeAdminTheme()'><b>testChangeAdminTheme</b><br>Test class: com.test.demo.SmokeTesting</td>
<td></td>
<td>19</td>
<td>com.test.demo.SmokeTesting@3fd7a715</td></tr>
<tr>
<td title='com.test.demo.SmokeTesting.testChangeBounceAccountFromExcel()'><b>testChangeBounceAccountFromExcel</b><br>Test class: com.test.demo.SmokeTesting<br>Parameters: test.ljy.com:1111, ljy, 123456</td>
<td></td>
<td>21</td>
<td>com.test.demo.SmokeTesting@3fd7a715</td></tr>
<tr>
<td title='com.test.demo.SmokeTesting.testChangeBounceAccountFromExcel()'><b>testChangeBounceAccountFromExcel</b><br>Test class: com.test.demo.SmokeTesting<br>Parameters: localhost:3306, user, password</td>
<td></td>
<td>21</td>
<td>com.test.demo.SmokeTesting@3fd7a715</td></tr>
<tr>
<td title='com.test.demo.SmokeTesting.testChangeBounceAccountFromExcel()'><b>testChangeBounceAccountFromExcel</b><br>Test class: com.test.demo.SmokeTesting<br>Parameters: 127.0.0.1:7777777, 7, 1111111</td>
<td></td>
<td>22</td>
<td>com.test.demo.SmokeTesting@3fd7a715</td></tr>
<tr>
<td title='com.test.demo.SmokeTesting.testChangeBounceAccountFromExcel()'><b>testChangeBounceAccountFromExcel</b><br>Test class: com.test.demo.SmokeTesting<br>Parameters: !aaaaaaaaaaaaaaa!, a, aaaa</td>
<td></td>
<td>21</td>
<td>com.test.demo.SmokeTesting@3fd7a715</td></tr>
<tr>
<td title='com.test.demo.SmokeTesting.testChangeBtnDirection()'><b>testChangeBtnDirection</b><br>Test class: com.test.demo.SmokeTesting</td>
<td></td>
<td>19</td>
<td>com.test.demo.SmokeTesting@3fd7a715</td></tr>
<tr>
<td title='com.test.demo.SmokeTesting.testChangeCharacterset()'><b>testChangeCharacterset</b><br>Test class: com.test.demo.SmokeTesting</td>
<td></td>
<td>19</td>
<td>com.test.demo.SmokeTesting@3fd7a715</td></tr>
<tr>
<td title='com.test.demo.SmokeTesting.testChangeCol()'><b>testChangeCol</b><br>Test class: com.test.demo.SmokeTesting</td>
<td></td>
<td>0</td>
<td>com.test.demo.SmokeTesting@3fd7a715</td></tr>
<tr>
<td title='com.test.demo.SmokeTesting.testChangeDefaultLanguage()'><b>testChangeDefaultLanguage</b><br>Test class: com.test.demo.SmokeTesting</td>
<td></td>
<td>23</td>
<td>com.test.demo.SmokeTesting@3fd7a715</td></tr>
<tr>
<td title='com.test.demo.SmokeTesting.testChangeDefaultTheme()'><b>testChangeDefaultTheme</b><br>Test class: com.test.demo.SmokeTesting</td>
<td></td>
<td>19</td>
<td>com.test.demo.SmokeTesting@3fd7a715</td></tr>
<tr>
<td title='com.test.demo.SmokeTesting.testChangeHtmlEditor1()'><b>testChangeHtmlEditor1</b><br>Test class: com.test.demo.SmokeTesting</td>
<td></td>
<td>18</td>
<td>com.test.demo.SmokeTesting@3fd7a715</td></tr>
<tr>
<td title='com.test.demo.SmokeTesting.testChangeHtmlEditor2()'><b>testChangeHtmlEditor2</b><br>Test class: com.test.demo.SmokeTesting</td>
<td></td>
<td>17</td>
<td>com.test.demo.SmokeTesting@3fd7a715</td></tr>
<tr>
<td title='com.test.demo.SmokeTesting.testChangeKeys()'><b>testChangeKeys</b><br>Test class: com.test.demo.SmokeTesting</td>
<td></td>
<td>14</td>
<td>com.test.demo.SmokeTesting@3fd7a715</td></tr>
<tr>
<td title='com.test.demo.SmokeTesting.testChangeKeysFromRxcel()'><b>testChangeKeysFromRxcel</b><br>Test class: com.test.demo.SmokeTesting<br>Parameters: 1, 1, 1, 1</td>
<td></td>
<td>14</td>
<td>com.test.demo.SmokeTesting@3fd7a715</td></tr>
<tr>
<td title='com.test.demo.SmokeTesting.testChangeKeysFromRxcel()'><b>testChangeKeysFromRxcel</b><br>Test class: com.test.demo.SmokeTesting<br>Parameters: 2, 2, 2, 2</td>
<td></td>
<td>14</td>
<td>com.test.demo.SmokeTesting@3fd7a715</td></tr>
<tr>
<td title='com.test.demo.SmokeTesting.testChangeKeysFromRxcel()'><b>testChangeKeysFromRxcel</b><br>Test class: com.test.demo.SmokeTesting<br>Parameters: a, a, a, a</td>
<td></td>
<td>14</td>
<td>com.test.demo.SmokeTesting@3fd7a715</td></tr>
<tr>
<td title='com.test.demo.SmokeTesting.testChangeKeysFromRxcel()'><b>testChangeKeysFromRxcel</b><br>Test class: com.test.demo.SmokeTesting<br>Parameters: 7777777, 7777777, 7777777, 7777777</td>
<td></td>
<td>14</td>
<td>com.test.demo.SmokeTesting@3fd7a715</td></tr>
<tr>
<td title='com.test.demo.SmokeTesting.testChangeKeysFromRxcel()'><b>testChangeKeysFromRxcel</b><br>Test class: com.test.demo.SmokeTesting<br>Parameters: 0, 0, 0, 0</td>
<td></td>
<td>14</td>
<td>com.test.demo.SmokeTesting@3fd7a715</td></tr>
<tr>
<td title='com.test.demo.SmokeTesting.testChangeSMTPDebug1()'><b>testChangeSMTPDebug1</b><br>Test class: com.test.demo.SmokeTesting</td>
<td></td>
<td>21</td>
<td>com.test.demo.SmokeTesting@3fd7a715</td></tr>
<tr>
<td title='com.test.demo.SmokeTesting.testChangeSMTPDebug2()'><b>testChangeSMTPDebug2</b><br>Test class: com.test.demo.SmokeTesting</td>
<td></td>
<td>20</td>
<td>com.test.demo.SmokeTesting@3fd7a715</td></tr>
<tr>
<td title='com.test.demo.SmokeTesting.testChangeSMTPFromExcel()'><b>testChangeSMTPFromExcel</b><br>Test class: com.test.demo.SmokeTesting<br>Parameters: smtp.test.org:25, user, 123456</td>
<td></td>
<td>21</td>
<td>com.test.demo.SmokeTesting@3fd7a715</td></tr>
<tr>
<td title='com.test.demo.SmokeTesting.testChangeSMTPFromExcel()'><b>testChangeSMTPFromExcel</b><br>Test class: com.test.demo.SmokeTesting<br>Parameters: smtp.test.org:7777, admin, admin</td>
<td></td>
<td>21</td>
<td>com.test.demo.SmokeTesting@3fd7a715</td></tr>
<tr>
<td title='com.test.demo.SmokeTesting.testChangeSMTPFromExcel()'><b>testChangeSMTPFromExcel</b><br>Test class: com.test.demo.SmokeTesting<br>Parameters: smtp.test.org:4396, 7777777, 7777777</td>
<td></td>
<td>21</td>
<td>com.test.demo.SmokeTesting@3fd7a715</td></tr>
<tr>
<td title='com.test.demo.SmokeTesting.testChangeSMTPFromExcel()'><b>testChangeSMTPFromExcel</b><br>Test class: com.test.demo.SmokeTesting<br>Parameters: localhost:2333, 123456, 123456</td>
<td></td>
<td>21</td>
<td>com.test.demo.SmokeTesting@3fd7a715</td></tr>
<tr>
<td title='com.test.demo.SmokeTesting.testChangeSMTPSSL1()'><b>testChangeSMTPSSL1</b><br>Test class: com.test.demo.SmokeTesting</td>
<td></td>
<td>21</td>
<td>com.test.demo.SmokeTesting@3fd7a715</td></tr>
<tr>
<td title='com.test.demo.SmokeTesting.testChangeSMTPSSL2()'><b>testChangeSMTPSSL2</b><br>Test class: com.test.demo.SmokeTesting</td>
<td></td>
<td>21</td>
<td>com.test.demo.SmokeTesting@3fd7a715</td></tr>
<tr>
<td title='com.test.demo.SmokeTesting.testChangeSiteName()'><b>testChangeSiteName</b><br>Test class: com.test.demo.SmokeTesting</td>
<td></td>
<td>15</td>
<td>com.test.demo.SmokeTesting@3fd7a715</td></tr>
<tr>
<td title='com.test.demo.SmokeTesting.testChangeSurveyPreviewRequire()'><b>testChangeSurveyPreviewRequire</b><br>Test class: com.test.demo.SmokeTesting</td>
<td></td>
<td>30</td>
<td>com.test.demo.SmokeTesting@3fd7a715</td></tr>
<tr>
<td title='com.test.demo.SmokeTesting.testChangeTimeAdjust()'><b>testChangeTimeAdjust</b><br>Test class: com.test.demo.SmokeTesting</td>
<td></td>
<td>14</td>
<td>com.test.demo.SmokeTesting@3fd7a715</td></tr>
<tr>
<td title='com.test.demo.SmokeTesting.testChangeToClosedMode()'><b>testChangeToClosedMode</b><br>Test class: com.test.demo.SmokeTesting</td>
<td></td>
<td>17</td>
<td>com.test.demo.SmokeTesting@3fd7a715</td></tr>
<tr>
<td title='com.test.demo.SmokeTesting.testChangeToHardMode()'><b>testChangeToHardMode</b><br>Test class: com.test.demo.SmokeTesting</td>
<td></td>
<td>17</td>
<td>com.test.demo.SmokeTesting@3fd7a715</td></tr>
<tr>
<td title='com.test.demo.SmokeTesting.testChangeToSoftMode()'><b>testChangeToSoftMode</b><br>Test class: com.test.demo.SmokeTesting</td>
<td></td>
<td>17</td>
<td>com.test.demo.SmokeTesting@3fd7a715</td></tr>
<tr>
<td title='com.test.demo.SmokeTesting.testContainerOff()'><b>testContainerOff</b><br>Test class: com.test.demo.SmokeTesting</td>
<td></td>
<td>0</td>
<td>com.test.demo.SmokeTesting@3fd7a715</td></tr>
<tr>
<td title='com.test.demo.SmokeTesting.testCreateBtn()'><b>testCreateBtn</b><br>Test class: com.test.demo.SmokeTesting</td>
<td></td>
<td>30</td>
<td>com.test.demo.SmokeTesting@3fd7a715</td></tr>
<tr>
<td title='com.test.demo.SmokeTesting.testCreateBtnFromExcel()'><b>testCreateBtnFromExcel</b><br>Test class: com.test.demo.SmokeTesting<br>Parameters: 7, admin/survey/sa/newsurvey, test title 1, test desc1</td>
<td></td>
<td>30</td>
<td>com.test.demo.SmokeTesting@3fd7a715</td></tr>
<tr>
<td title='com.test.demo.SmokeTesting.testCreateBtnFromExcel()'><b>testCreateBtnFromExcel</b><br>Test class: com.test.demo.SmokeTesting<br>Parameters: 8, admin/survey/sa/listsurveys, test title 2, test desc2</td>
<td></td>
<td>30</td>
<td>com.test.demo.SmokeTesting@3fd7a715</td></tr>
<tr>
<td title='com.test.demo.SmokeTesting.testCreateBtnFromExcel()'><b>testCreateBtnFromExcel</b><br>Test class: com.test.demo.SmokeTesting<br>Parameters: 9, admin/globalsettings, test title 3, test desc3</td>
<td></td>
<td>30</td>
<td>com.test.demo.SmokeTesting@3fd7a715</td></tr>
<tr>
<td title='com.test.demo.SmokeTesting.testCreateBtnFromExcel()'><b>testCreateBtnFromExcel</b><br>Test class: com.test.demo.SmokeTesting<br>Parameters: 10, admin/update, test title 4, test desc4</td>
<td></td>
<td>30</td>
<td>com.test.demo.SmokeTesting@3fd7a715</td></tr>
<tr>
<td title='com.test.demo.SmokeTesting.testCreateBtnFromExcel()'><b>testCreateBtnFromExcel</b><br>Test class: com.test.demo.SmokeTesting<br>Parameters: 11, https://account.limesurvey.org/limestore, test title 5, test desc5</td>
<td></td>
<td>30</td>
<td>com.test.demo.SmokeTesting@3fd7a715</td></tr>
<tr>
<td title='com.test.demo.SmokeTesting.testDeleteBtn()'><b>testDeleteBtn</b><br>Test class: com.test.demo.SmokeTesting</td>
<td></td>
<td>17</td>
<td>com.test.demo.SmokeTesting@3fd7a715</td></tr>
<tr>
<td title='com.test.demo.SmokeTesting.testDeleteLanguage()'><b>testDeleteLanguage</b><br>Test class: com.test.demo.SmokeTesting</td>
<td></td>
<td>27</td>
<td>com.test.demo.SmokeTesting@3fd7a715</td></tr>
<tr>
<td title='com.test.demo.SmokeTesting.testEditBtnDescription()'><b>testEditBtnDescription</b><br>Test class: com.test.demo.SmokeTesting</td>
<td></td>
<td>18</td>
<td>com.test.demo.SmokeTesting@3fd7a715</td></tr>
<tr>
<td title='com.test.demo.SmokeTesting.testEditBtnFromExcel()'><b>testEditBtnFromExcel</b><br>Test class: com.test.demo.SmokeTesting<br>Parameters: 7, admin/survey/sa/newsurvey, test title 1, test desc1</td>
<td></td>
<td>30</td>
<td>com.test.demo.SmokeTesting@3fd7a715</td></tr>
<tr>
<td title='com.test.demo.SmokeTesting.testEditBtnFromExcel()'><b>testEditBtnFromExcel</b><br>Test class: com.test.demo.SmokeTesting<br>Parameters: 8, admin/survey/sa/listsurveys, test title 2, test desc2</td>
<td></td>
<td>30</td>
<td>com.test.demo.SmokeTesting@3fd7a715</td></tr>
<tr>
<td title='com.test.demo.SmokeTesting.testEditBtnFromExcel()'><b>testEditBtnFromExcel</b><br>Test class: com.test.demo.SmokeTesting<br>Parameters: 9, admin/globalsettings, test title 3, test desc3</td>
<td></td>
<td>29</td>
<td>com.test.demo.SmokeTesting@3fd7a715</td></tr>
<tr>
<td title='com.test.demo.SmokeTesting.testEditBtnFromExcel()'><b>testEditBtnFromExcel</b><br>Test class: com.test.demo.SmokeTesting<br>Parameters: 10, admin/update, test title 4, test desc4</td>
<td></td>
<td>29</td>
<td>com.test.demo.SmokeTesting@3fd7a715</td></tr>
<tr>
<td title='com.test.demo.SmokeTesting.testEditBtnFromExcel()'><b>testEditBtnFromExcel</b><br>Test class: com.test.demo.SmokeTesting<br>Parameters: 11, https://account.limesurvey.org/limestore, test title 5, test desc5</td>
<td></td>
<td>29</td>
<td>com.test.demo.SmokeTesting@3fd7a715</td></tr>
<tr>
<td title='com.test.demo.SmokeTesting.testEditBtnIcon()'><b>testEditBtnIcon</b><br>Test class: com.test.demo.SmokeTesting</td>
<td></td>
<td>24</td>
<td>com.test.demo.SmokeTesting@3fd7a715</td></tr>
<tr>
<td title='com.test.demo.SmokeTesting.testEditBtnPosition()'><b>testEditBtnPosition</b><br>Test class: com.test.demo.SmokeTesting</td>
<td></td>
<td>17</td>
<td>com.test.demo.SmokeTesting@3fd7a715</td></tr>
<tr>
<td title='com.test.demo.SmokeTesting.testEditBtnShowTo()'><b>testEditBtnShowTo</b><br>Test class: com.test.demo.SmokeTesting</td>
<td></td>
<td>23</td>
<td>com.test.demo.SmokeTesting@3fd7a715</td></tr>
<tr>
<td title='com.test.demo.SmokeTesting.testEditBtnTitle()'><b>testEditBtnTitle</b><br>Test class: com.test.demo.SmokeTesting</td>
<td></td>
<td>19</td>
<td>com.test.demo.SmokeTesting@3fd7a715</td></tr>
<tr>
<td title='com.test.demo.SmokeTesting.testEditBtnUrl()'><b>testEditBtnUrl</b><br>Test class: com.test.demo.SmokeTesting</td>
<td></td>
<td>26</td>
<td>com.test.demo.SmokeTesting@3fd7a715</td></tr>
<tr>
<td title='com.test.demo.SmokeTesting.testEditPresentationFromExcel()'><b>testEditPresentationFromExcel</b><br>Test class: com.test.demo.SmokeTesting<br>Parameters: 50, 10, 100, test title 1, test str 1</td>
<td></td>
<td>18</td>
<td>com.test.demo.SmokeTesting@3fd7a715</td></tr>
<tr>
<td title='com.test.demo.SmokeTesting.testEditPresentationFromExcel()'><b>testEditPresentationFromExcel</b><br>Test class: com.test.demo.SmokeTesting<br>Parameters: 10, 24, 40, test title 2, test str 2</td>
<td></td>
<td>18</td>
<td>com.test.demo.SmokeTesting@3fd7a715</td></tr>
<tr>
<td title='com.test.demo.SmokeTesting.testEditPresentationFromExcel()'><b>testEditPresentationFromExcel</b><br>Test class: com.test.demo.SmokeTesting<br>Parameters: a, asd, 1!, test title 3, test str 3</td>
<td></td>
<td>17</td>
<td>com.test.demo.SmokeTesting@3fd7a715</td></tr>
<tr>
<td title='com.test.demo.SmokeTesting.testLastSurveyOff()'><b>testLastSurveyOff</b><br>Test class: com.test.demo.SmokeTesting</td>
<td></td>
<td>13</td>
<td>com.test.demo.SmokeTesting@3fd7a715</td></tr>
<tr>
<td title='com.test.demo.SmokeTesting.testLastSurveyOn()'><b>testLastSurveyOn</b><br>Test class: com.test.demo.SmokeTesting</td>
<td></td>
<td>13</td>
<td>com.test.demo.SmokeTesting@3fd7a715</td></tr>
<tr>
<td title='com.test.demo.SmokeTesting.testLogoOff()'><b>testLogoOff</b><br>Test class: com.test.demo.SmokeTesting</td>
<td></td>
<td>15</td>
<td>com.test.demo.SmokeTesting@3fd7a715</td></tr>
<tr>
<td title='com.test.demo.SmokeTesting.testLogoOn()'><b>testLogoOn</b><br>Test class: com.test.demo.SmokeTesting</td>
<td></td>
<td>13</td>
<td>com.test.demo.SmokeTesting@3fd7a715</td></tr>
<tr>
<td title='com.test.demo.SmokeTesting.testRefreshAssets()'><b>testRefreshAssets</b><br>Test class: com.test.demo.SmokeTesting</td>
<td></td>
<td>22</td>
<td>com.test.demo.SmokeTesting@3fd7a715</td></tr>
<tr>
<td title='com.test.demo.SmokeTesting.testRestoreBtn()'><b>testRestoreBtn</b><br>Test class: com.test.demo.SmokeTesting</td>
<td></td>
<td>17</td>
<td>com.test.demo.SmokeTesting@3fd7a715</td></tr>
<tr>
<td title='com.test.demo.SmokeTesting.testSearchOff()'><b>testSearchOff</b><br>Test class: com.test.demo.SmokeTesting</td>
<td></td>
<td>42</td>
<td>com.test.demo.SmokeTesting@3fd7a715</td></tr>
<tr>
<td title='com.test.demo.SmokeTesting.testSearchOn()'><b>testSearchOn</b><br>Test class: com.test.demo.SmokeTesting</td>
<td></td>
<td>41</td>
<td>com.test.demo.SmokeTesting@3fd7a715</td></tr>
<tr>
<td title='com.test.demo.SmokeTesting.testShowPhpConf()'><b>testShowPhpConf</b><br>Test class: com.test.demo.SmokeTesting</td>
<td></td>
<td>21</td>
<td>com.test.demo.SmokeTesting@3fd7a715</td></tr>
<tr>
<td title='com.test.demo.SmokeTesting.testSurveyListOff()'><b>testSurveyListOff</b><br>Test class: com.test.demo.SmokeTesting</td>
<td></td>
<td>14</td>
<td>com.test.demo.SmokeTesting@3fd7a715</td></tr>
<tr>
<td title='com.test.demo.SmokeTesting.testSurveyListOn()'><b>testSurveyListOn</b><br>Test class: com.test.demo.SmokeTesting</td>
<td></td>
<td>15</td>
<td>com.test.demo.SmokeTesting@3fd7a715</td></tr>
</table><p>
</body>
</html>