<?xml version="1.0" encoding="UTF-8"?>
<!-- Generated by org.testng.reporters.JUnitXMLReporter -->
<testsuite hostname="LAPTOP-7CS7VT9V" ignored="0" name="test1" tests="51" failures="1" timestamp="2020-12-04T15:32:29 CST" time="1060.655" errors="0">
  <testcase name="demo" time="0.001" classname="com.webtest.demo.demo"/>
  <testcase name="test_login_fail" time="3.423" classname="testcase.LoginTest"/>
  <testcase name="test_login_success" time="4.859" classname="testcase.LoginTest"/>
  <testcase name="test_clickZhangHao" time="6.686" classname="testcase.LoginTest"/>
  <testcase name="test_editEmaiFullName" time="3.345" classname="testcase.LoginTest"/>
  <testcase name="test_editEmail" time="3.344" classname="testcase.LoginTest"/>
  <testcase name="test_editPassword" time="19.215" classname="testcase.LoginTest"/>
  <testcase name="test_editPassword_fail1" time="19.189" classname="testcase.LoginTest"/>
  <testcase name="test_editPassword_fail2" time="19.182" classname="testcase.LoginTest"/>
  <testcase name="test_editPassword_fail3" time="19.126" classname="testcase.LoginTest"/>
  <testcase name="test_editPassword_fail4" time="19.102" classname="testcase.LoginTest"/>
  <testcase name="test_editPassword_fail5" time="19.139" classname="testcase.LoginTest"/>
  <testcase name="test_clickAnswer" time="12.571" classname="testcase.LoginTest"/>
  <testcase name="test_clickPerson" time="6.522" classname="testcase.LoginTest"/>
  <testcase name="test_clickPre" time="13.039" classname="testcase.LoginTest"/>
  <testcase name="test_clickQues" time="12.964" classname="testcase.LoginTest"/>
  <testcase name="test_clickShow" time="12.977" classname="testcase.LoginTest"/>
  <testcase name="test_clickSub" time="12.663" classname="testcase.LoginTest"/>
  <testcase name="test_clickTemp" time="12.986" classname="testcase.LoginTest"/>
  <testcase name="test_selectHtml" time="12.957" classname="testcase.LoginTest"/>
  <testcase name="test_selectJie" time="9.779" classname="testcase.LoginTest"/>
  <testcase name="test_selectLock" time="12.943" classname="testcase.LoginTest"/>
  <testcase name="test_selectNote" time="12.997" classname="testcase.LoginTest"/>
  <testcase name="test_clickCopy" time="3.8" classname="testcase.LoginTest"/>
  <testcase name="test_clickCopyAnswers" time="3.238" classname="testcase.LoginTest"/>
  <testcase name="test_clickCopyConditions" time="3.229" classname="testcase.LoginTest"/>
  <testcase name="test_clickCopyDiao" time="3.228" classname="testcase.LoginTest"/>
  <testcase name="test_clickCopyEnddate" time="3.221" classname="testcase.LoginTest"/>
  <testcase name="test_clickCopyPermiss" time="3.219" classname="testcase.LoginTest"/>
  <testcase name="test_clickCopyQuotas" time="3.216" classname="testcase.LoginTest"/>
  <testcase name="test_clickCopyStartid" time="3.218" classname="testcase.LoginTest"/>
  <testcase name="test_clickCopySurvey" time="6.672" classname="testcase.LoginTest"/>
  <testcase name="test_clickCopySurveyId" time="6.238" classname="testcase.LoginTest"/>
  <testcase name="test_clickCopySurveyName" time="6.237" classname="testcase.LoginTest"/>
  <testcase name="test_TongJi" time="8.046" classname="testcase.LoginTest">
    <failure type="org.openqa.selenium.NoSuchElementException" message="Unable to locate element: #statisticsExportImages
For documentation on this error, please visit: https://www.seleniumhq.org/exceptions/no_such_element.html
Build info: version: &amp;apos;3.141.59&amp;apos;, revision: &amp;apos;e82be7d358&amp;apos;, time: &amp;apos;2018-11-14T08:25:53&amp;apos;
System info: host: &amp;apos;LAPTOP-7CS7VT9V&amp;apos;, ip: &amp;apos;169.254.155.164&amp;apos;, os.name: &amp;apos;Windows 10&amp;apos;, os.arch: &amp;apos;amd64&amp;apos;, os.version: &amp;apos;10.0&amp;apos;, java.version: &amp;apos;1.8.0_231&amp;apos;
Driver info: org.openqa.selenium.firefox.FirefoxDriver
Capabilities {acceptInsecureCerts: true, browserName: firefox, browserVersion: 83.0, javascriptEnabled: true, moz:accessibilityChecks: false, moz:buildID: 20201112153044, moz:geckodriverVersion: 0.24.0, moz:headless: false, moz:processID: 7940, moz:profile: C:\Users\Acer\AppData\Local..., moz:shutdownTimeout: 60000, moz:useNonSpecCompliantPointerOrigin: false, moz:webdriverClick: true, pageLoadStrategy: normal, platform: WINDOWS, platformName: WINDOWS, platformVersion: 10.0, rotatable: false, setWindowRect: true, strictFileInteractability: false, timeouts: {implicit: 0, pageLoad: 300000, script: 30000}, unhandledPromptBehavior: dismiss and notify}
Session ID: eedc2318-881a-4ed0-bff4-b3cae39fc43c
*** Element info: {Using=id, value=statisticsExportImages}">
      <![CDATA[org.openqa.selenium.NoSuchElementException: Unable to locate element: #statisticsExportImages
For documentation on this error, please visit: https://www.seleniumhq.org/exceptions/no_such_element.html
Build info: version: '3.141.59', revision: 'e82be7d358', time: '2018-11-14T08:25:53'
System info: host: 'LAPTOP-7CS7VT9V', ip: '169.254.155.164', os.name: 'Windows 10', os.arch: 'amd64', os.version: '10.0', java.version: '1.8.0_231'
Driver info: org.openqa.selenium.firefox.FirefoxDriver
Capabilities {acceptInsecureCerts: true, browserName: firefox, browserVersion: 83.0, javascriptEnabled: true, moz:accessibilityChecks: false, moz:buildID: 20201112153044, moz:geckodriverVersion: 0.24.0, moz:headless: false, moz:processID: 7940, moz:profile: C:\Users\Acer\AppData\Local..., moz:shutdownTimeout: 60000, moz:useNonSpecCompliantPointerOrigin: false, moz:webdriverClick: true, pageLoadStrategy: normal, platform: WINDOWS, platformName: WINDOWS, platformVersion: 10.0, rotatable: false, setWindowRect: true, strictFileInteractability: false, timeouts: {implicit: 0, pageLoad: 300000, script: 30000}, unhandledPromptBehavior: dismiss and notify}
Session ID: eedc2318-881a-4ed0-bff4-b3cae39fc43c
*** Element info: {Using=id, value=statisticsExportImages}
at org.openqa.selenium.remote.http.W3CHttpResponseCodec.createException(W3CHttpResponseCodec.java:187)
at org.openqa.selenium.remote.http.W3CHttpResponseCodec.decode(W3CHttpResponseCodec.java:122)
at org.openqa.selenium.remote.http.W3CHttpResponseCodec.decode(W3CHttpResponseCodec.java:49)
at org.openqa.selenium.remote.HttpCommandExecutor.execute(HttpCommandExecutor.java:158)
at org.openqa.selenium.remote.service.DriverCommandExecutor.execute(DriverCommandExecutor.java:83)
at org.openqa.selenium.remote.RemoteWebDriver.execute(RemoteWebDriver.java:552)
at org.openqa.selenium.remote.RemoteWebDriver.findElement(RemoteWebDriver.java:323)
at org.openqa.selenium.remote.RemoteWebDriver.findElementById(RemoteWebDriver.java:372)
at org.openqa.selenium.By$ById.findElement(By.java:188)
at org.openqa.selenium.remote.RemoteWebDriver.findElement(RemoteWebDriver.java:315)
at pages.LoginPage.clickDaoChu(Unknown Source)
at pages.LoginPage.clickTongJi(Unknown Source)
at testcase.LoginTest.test_TongJi(Unknown Source)
at java.util.ArrayList.forEach(Unknown Source)
... Removed 30 stack frames]]>
    </failure>
  </testcase> <!-- test_TongJi -->
  <testcase name="test_clickBut1" time="52.385" classname="testcase.LoginTest"/>
  <testcase name="test_clickBut2" time="73.382" classname="testcase.LoginTest"/>
  <testcase name="test_clickBut3" time="52.371" classname="testcase.LoginTest"/>
  <testcase name="test_clickBut4" time="52.414" classname="testcase.LoginTest"/>
  <testcase name="test_clickChartType" time="6.697" classname="testcase.LoginTest"/>
  <testcase name="test_clickFormat1" time="0.003" classname="testcase.LoginTest"/>
  <testcase name="test_clickFormat2" time="0.004" classname="testcase.LoginTest"/>
  <testcase name="test_clickFormat3" time="55.866" classname="testcase.LoginTest"/>
  <testcase name="test_clickFormat4" time="52.611" classname="testcase.LoginTest"/>
  <testcase name="test_clickOnlyFin" time="55.426" classname="testcase.LoginTest"/>
  <testcase name="test_clickOnlyNoFin" time="52.373" classname="testcase.LoginTest"/>
  <testcase name="test_clickRoww1" time="52.385" classname="testcase.LoginTest"/>
  <testcase name="test_clickRoww2" time="52.389" classname="testcase.LoginTest"/>
  <testcase name="test_clickRoww3" time="52.406" classname="testcase.LoginTest"/>
  <testcase name="test_clickRoww4" time="52.345" classname="testcase.LoginTest"/>
  <testcase name="test_clickRoww5" time="52.371" classname="testcase.LoginTest"/>
</testsuite> <!-- test1 -->
