<html>
<head>
<title>TestNG:  test1</title>
<link href="../testng.css" rel="stylesheet" type="text/css" />
<link href="../my-testng.css" rel="stylesheet" type="text/css" />

<style type="text/css">
.log { display: none;} 
.stack-trace { display: none;} 
</style>
<script type="text/javascript">
<!--
function flip(e) {
  current = e.style.display;
  if (current == 'block') {
    e.style.display = 'none';
    return 0;
  }
  else {
    e.style.display = 'block';
    return 1;
  }
}

function toggleBox(szDivId, elem, msg1, msg2)
{
  var res = -1;  if (document.getElementById) {
    res = flip(document.getElementById(szDivId));
  }
  else if (document.all) {
    // this is the way old msie versions work
    res = flip(document.all[szDivId]);
  }
  if(elem) {
    if(res == 0) elem.innerHTML = msg1; else elem.innerHTML = msg2;
  }

}

function toggleAllBoxes() {
  if (document.getElementsByTagName) {
    d = document.getElementsByTagName('div');
    for (i = 0; i < d.length; i++) {
      if (d[i].className == 'log') {
        flip(d[i]);
      }
    }
  }
}

// -->
</script>

</head>
<body>
<h2 align='center'>test1</h2><table border='1' align="center">
<tr>
<td>Tests passed/Failed/Skipped:</td><td>50/1/0</td>
</tr><tr>
<td>Started on:</td><td>Fri Dec 04 15:14:48 CST 2020</td>
</tr>
<tr><td>Total time:</td><td>1060 seconds (1060655 ms)</td>
</tr><tr>
<td>Included groups:</td><td></td>
</tr><tr>
<td>Excluded groups:</td><td></td>
</tr>
</table><p/>
<small><i>(Hover the method name to see the test class name)</i></small><p/>
<table width='100%' border='1' class='invocation-failed'>
<tr><td colspan='4' align='center'><b>FAILED TESTS</b></td></tr>
<tr><td><b>Test method</b></td>
<td width="30%"><b>Exception</b></td>
<td width="10%"><b>Time (seconds)</b></td>
<td><b>Instance</b></td>
</tr>
<tr>
<td title='testcase.LoginTest.test_TongJi()'><b>test_TongJi</b><br>Test class: testcase.LoginTest</td>
<td><div><pre>org.openqa.selenium.NoSuchElementException: Unable to locate element: #statisticsExportImages
For documentation on this error, please visit: https://www.seleniumhq.org/exceptions/no_such_element.html
Build info: version: &apos;3.141.59&apos;, revision: &apos;e82be7d358&apos;, time: &apos;2018-11-14T08:25:53&apos;
System info: host: &apos;LAPTOP-7CS7VT9V&apos;, ip: &apos;169.254.155.164&apos;, os.name: &apos;Windows 10&apos;, os.arch: &apos;amd64&apos;, os.version: &apos;10.0&apos;, java.version: &apos;1.8.0_231&apos;
Driver info: org.openqa.selenium.firefox.FirefoxDriver
Capabilities {acceptInsecureCerts: true, browserName: firefox, browserVersion: 83.0, javascriptEnabled: true, moz:accessibilityChecks: false, moz:buildID: 20201112153044, moz:geckodriverVersion: 0.24.0, moz:headless: false, moz:processID: 7940, moz:profile: C:\Users\Acer\AppData\Local..., moz:shutdownTimeout: 60000, moz:useNonSpecCompliantPointerOrigin: false, moz:webdriverClick: true, pageLoadStrategy: normal, platform: WINDOWS, platformName: WINDOWS, platformVersion: 10.0, rotatable: false, setWindowRect: true, strictFileInteractability: false, timeouts: {implicit: 0, pageLoad: 300000, script: 30000}, unhandledPromptBehavior: dismiss and notify}
Session ID: eedc2318-881a-4ed0-bff4-b3cae39fc43c
*** Element info: {Using=id, value=statisticsExportImages}
	at org.openqa.selenium.remote.http.W3CHttpResponseCodec.createException(W3CHttpResponseCodec.java:187)
	at org.openqa.selenium.remote.http.W3CHttpResponseCodec.decode(W3CHttpResponseCodec.java:122)
	at org.openqa.selenium.remote.http.W3CHttpResponseCodec.decode(W3CHttpResponseCodec.java:49)
	at org.openqa.selenium.remote.HttpCommandExecutor.execute(HttpCommandExecutor.java:158)
	at org.openqa.selenium.remote.service.DriverCommandExecutor.execute(DriverCommandExecutor.java:83)
	at org.openqa.selenium.remote.RemoteWebDriver.execute(RemoteWebDriver.java:552)
	at org.openqa.selenium.remote.RemoteWebDriver.findElement(RemoteWebDriver.java:323)
	at org.openqa.selenium.remote.RemoteWebDriver.findElementById(RemoteWebDriver.java:372)
	at org.openqa.selenium.By$ById.findElement(By.java:188)
	at org.openqa.selenium.remote.RemoteWebDriver.findElement(RemoteWebDriver.java:315)
	at pages.LoginPage.clickDaoChu(Unknown Source)
	at pages.LoginPage.clickTongJi(Unknown Source)
	at testcase.LoginTest.test_TongJi(Unknown Source)
	at java.util.ArrayList.forEach(Unknown Source)
... Removed 30 stack frames</pre></div><a href='#' onClick='toggleBox("stack-trace877804870", this, "Click to show all stack frames", "Click to hide stack frames")'>Click to show all stack frames</a>
<div class='stack-trace' id='stack-trace877804870'><pre>org.openqa.selenium.NoSuchElementException: Unable to locate element: #statisticsExportImages
For documentation on this error, please visit: https://www.seleniumhq.org/exceptions/no_such_element.html
Build info: version: &apos;3.141.59&apos;, revision: &apos;e82be7d358&apos;, time: &apos;2018-11-14T08:25:53&apos;
System info: host: &apos;LAPTOP-7CS7VT9V&apos;, ip: &apos;169.254.155.164&apos;, os.name: &apos;Windows 10&apos;, os.arch: &apos;amd64&apos;, os.version: &apos;10.0&apos;, java.version: &apos;1.8.0_231&apos;
Driver info: org.openqa.selenium.firefox.FirefoxDriver
Capabilities {acceptInsecureCerts: true, browserName: firefox, browserVersion: 83.0, javascriptEnabled: true, moz:accessibilityChecks: false, moz:buildID: 20201112153044, moz:geckodriverVersion: 0.24.0, moz:headless: false, moz:processID: 7940, moz:profile: C:\Users\Acer\AppData\Local..., moz:shutdownTimeout: 60000, moz:useNonSpecCompliantPointerOrigin: false, moz:webdriverClick: true, pageLoadStrategy: normal, platform: WINDOWS, platformName: WINDOWS, platformVersion: 10.0, rotatable: false, setWindowRect: true, strictFileInteractability: false, timeouts: {implicit: 0, pageLoad: 300000, script: 30000}, unhandledPromptBehavior: dismiss and notify}
Session ID: eedc2318-881a-4ed0-bff4-b3cae39fc43c
*** Element info: {Using=id, value=statisticsExportImages}
	at sun.reflect.NativeConstructorAccessorImpl.newInstance0(Native Method)
	at sun.reflect.NativeConstructorAccessorImpl.newInstance(Unknown Source)
	at sun.reflect.DelegatingConstructorAccessorImpl.newInstance(Unknown Source)
	at java.lang.reflect.Constructor.newInstance(Unknown Source)
	at org.openqa.selenium.remote.http.W3CHttpResponseCodec.createException(W3CHttpResponseCodec.java:187)
	at org.openqa.selenium.remote.http.W3CHttpResponseCodec.decode(W3CHttpResponseCodec.java:122)
	at org.openqa.selenium.remote.http.W3CHttpResponseCodec.decode(W3CHttpResponseCodec.java:49)
	at org.openqa.selenium.remote.HttpCommandExecutor.execute(HttpCommandExecutor.java:158)
	at org.openqa.selenium.remote.service.DriverCommandExecutor.execute(DriverCommandExecutor.java:83)
	at org.openqa.selenium.remote.RemoteWebDriver.execute(RemoteWebDriver.java:552)
	at org.openqa.selenium.remote.RemoteWebDriver.findElement(RemoteWebDriver.java:323)
	at org.openqa.selenium.remote.RemoteWebDriver.findElementById(RemoteWebDriver.java:372)
	at org.openqa.selenium.By$ById.findElement(By.java:188)
	at org.openqa.selenium.remote.RemoteWebDriver.findElement(RemoteWebDriver.java:315)
	at pages.LoginPage.clickDaoChu(Unknown Source)
	at pages.LoginPage.clickTongJi(Unknown Source)
	at testcase.LoginTest.test_TongJi(Unknown Source)
	at sun.reflect.NativeMethodAccessorImpl.invoke0(Native Method)
	at sun.reflect.NativeMethodAccessorImpl.invoke(Unknown Source)
	at sun.reflect.DelegatingMethodAccessorImpl.invoke(Unknown Source)
	at java.lang.reflect.Method.invoke(Unknown Source)
	at org.testng.internal.MethodInvocationHelper.invokeMethod(MethodInvocationHelper.java:134)
	at org.testng.internal.TestInvoker.invokeMethod(TestInvoker.java:597)
	at org.testng.internal.TestInvoker.invokeTestMethod(TestInvoker.java:173)
	at org.testng.internal.MethodRunner.runInSequence(MethodRunner.java:46)
	at org.testng.internal.TestInvoker$MethodInvocationAgent.invoke(TestInvoker.java:816)
	at org.testng.internal.TestInvoker.invokeTestMethods(TestInvoker.java:146)
	at org.testng.internal.TestMethodWorker.invokeTestMethods(TestMethodWorker.java:146)
	at org.testng.internal.TestMethodWorker.run(TestMethodWorker.java:128)
	at java.util.ArrayList.forEach(Unknown Source)
	at org.testng.TestRunner.privateRun(TestRunner.java:766)
	at org.testng.TestRunner.run(TestRunner.java:587)
	at org.testng.SuiteRunner.runTest(SuiteRunner.java:384)
	at org.testng.SuiteRunner.runSequentially(SuiteRunner.java:378)
	at org.testng.SuiteRunner.privateRun(SuiteRunner.java:337)
	at org.testng.SuiteRunner.run(SuiteRunner.java:286)
	at org.testng.SuiteRunnerWorker.runSuite(SuiteRunnerWorker.java:53)
	at org.testng.SuiteRunnerWorker.run(SuiteRunnerWorker.java:96)
	at org.testng.TestNG.runSuitesSequentially(TestNG.java:1187)
	at org.testng.TestNG.runSuitesLocally(TestNG.java:1109)
	at org.testng.TestNG.runSuites(TestNG.java:1039)
	at org.testng.TestNG.run(TestNG.java:1007)
	at org.testng.TestNG.privateMain(TestNG.java:1336)
	at org.testng.TestNG.main(TestNG.java:1304)
</pre></div></td>
<td>8</td>
<td>testcase.LoginTest@1efbd816</td></tr>
</table><p>
<table width='100%' border='1' class='invocation-passed'>
<tr><td colspan='4' align='center'><b>PASSED TESTS</b></td></tr>
<tr><td><b>Test method</b></td>
<td width="30%"><b>Exception</b></td>
<td width="10%"><b>Time (seconds)</b></td>
<td><b>Instance</b></td>
</tr>
<tr>
<td title='com.webtest.demo.demo.demo()'><b>demo</b><br>Test class: com.webtest.demo.demo</td>
<td></td>
<td>0</td>
<td>com.webtest.demo.demo@66d2e7d9</td></tr>
<tr>
<td title='testcase.LoginTest.test_clickAnswer()'><b>test_clickAnswer</b><br>Test class: testcase.LoginTest</td>
<td></td>
<td>12</td>
<td>testcase.LoginTest@1efbd816</td></tr>
<tr>
<td title='testcase.LoginTest.test_clickBut1()'><b>test_clickBut1</b><br>Test class: testcase.LoginTest</td>
<td></td>
<td>52</td>
<td>testcase.LoginTest@1efbd816</td></tr>
<tr>
<td title='testcase.LoginTest.test_clickBut2()'><b>test_clickBut2</b><br>Test class: testcase.LoginTest</td>
<td></td>
<td>73</td>
<td>testcase.LoginTest@1efbd816</td></tr>
<tr>
<td title='testcase.LoginTest.test_clickBut3()'><b>test_clickBut3</b><br>Test class: testcase.LoginTest</td>
<td></td>
<td>52</td>
<td>testcase.LoginTest@1efbd816</td></tr>
<tr>
<td title='testcase.LoginTest.test_clickBut4()'><b>test_clickBut4</b><br>Test class: testcase.LoginTest</td>
<td></td>
<td>52</td>
<td>testcase.LoginTest@1efbd816</td></tr>
<tr>
<td title='testcase.LoginTest.test_clickChartType()'><b>test_clickChartType</b><br>Test class: testcase.LoginTest</td>
<td></td>
<td>6</td>
<td>testcase.LoginTest@1efbd816</td></tr>
<tr>
<td title='testcase.LoginTest.test_clickCopy()'><b>test_clickCopy</b><br>Test class: testcase.LoginTest</td>
<td></td>
<td>3</td>
<td>testcase.LoginTest@1efbd816</td></tr>
<tr>
<td title='testcase.LoginTest.test_clickCopyAnswers()'><b>test_clickCopyAnswers</b><br>Test class: testcase.LoginTest</td>
<td></td>
<td>3</td>
<td>testcase.LoginTest@1efbd816</td></tr>
<tr>
<td title='testcase.LoginTest.test_clickCopyConditions()'><b>test_clickCopyConditions</b><br>Test class: testcase.LoginTest</td>
<td></td>
<td>3</td>
<td>testcase.LoginTest@1efbd816</td></tr>
<tr>
<td title='testcase.LoginTest.test_clickCopyDiao()'><b>test_clickCopyDiao</b><br>Test class: testcase.LoginTest</td>
<td></td>
<td>3</td>
<td>testcase.LoginTest@1efbd816</td></tr>
<tr>
<td title='testcase.LoginTest.test_clickCopyEnddate()'><b>test_clickCopyEnddate</b><br>Test class: testcase.LoginTest</td>
<td></td>
<td>3</td>
<td>testcase.LoginTest@1efbd816</td></tr>
<tr>
<td title='testcase.LoginTest.test_clickCopyPermiss()'><b>test_clickCopyPermiss</b><br>Test class: testcase.LoginTest</td>
<td></td>
<td>3</td>
<td>testcase.LoginTest@1efbd816</td></tr>
<tr>
<td title='testcase.LoginTest.test_clickCopyQuotas()'><b>test_clickCopyQuotas</b><br>Test class: testcase.LoginTest</td>
<td></td>
<td>3</td>
<td>testcase.LoginTest@1efbd816</td></tr>
<tr>
<td title='testcase.LoginTest.test_clickCopyStartid()'><b>test_clickCopyStartid</b><br>Test class: testcase.LoginTest</td>
<td></td>
<td>3</td>
<td>testcase.LoginTest@1efbd816</td></tr>
<tr>
<td title='testcase.LoginTest.test_clickCopySurvey()'><b>test_clickCopySurvey</b><br>Test class: testcase.LoginTest</td>
<td></td>
<td>6</td>
<td>testcase.LoginTest@1efbd816</td></tr>
<tr>
<td title='testcase.LoginTest.test_clickCopySurveyId()'><b>test_clickCopySurveyId</b><br>Test class: testcase.LoginTest</td>
<td></td>
<td>6</td>
<td>testcase.LoginTest@1efbd816</td></tr>
<tr>
<td title='testcase.LoginTest.test_clickCopySurveyName()'><b>test_clickCopySurveyName</b><br>Test class: testcase.LoginTest</td>
<td></td>
<td>6</td>
<td>testcase.LoginTest@1efbd816</td></tr>
<tr>
<td title='testcase.LoginTest.test_clickFormat1()'><b>test_clickFormat1</b><br>Test class: testcase.LoginTest</td>
<td></td>
<td>0</td>
<td>testcase.LoginTest@1efbd816</td></tr>
<tr>
<td title='testcase.LoginTest.test_clickFormat2()'><b>test_clickFormat2</b><br>Test class: testcase.LoginTest</td>
<td></td>
<td>0</td>
<td>testcase.LoginTest@1efbd816</td></tr>
<tr>
<td title='testcase.LoginTest.test_clickFormat3()'><b>test_clickFormat3</b><br>Test class: testcase.LoginTest</td>
<td></td>
<td>55</td>
<td>testcase.LoginTest@1efbd816</td></tr>
<tr>
<td title='testcase.LoginTest.test_clickFormat4()'><b>test_clickFormat4</b><br>Test class: testcase.LoginTest</td>
<td></td>
<td>52</td>
<td>testcase.LoginTest@1efbd816</td></tr>
<tr>
<td title='testcase.LoginTest.test_clickOnlyFin()'><b>test_clickOnlyFin</b><br>Test class: testcase.LoginTest</td>
<td></td>
<td>55</td>
<td>testcase.LoginTest@1efbd816</td></tr>
<tr>
<td title='testcase.LoginTest.test_clickOnlyNoFin()'><b>test_clickOnlyNoFin</b><br>Test class: testcase.LoginTest</td>
<td></td>
<td>52</td>
<td>testcase.LoginTest@1efbd816</td></tr>
<tr>
<td title='testcase.LoginTest.test_clickPerson()'><b>test_clickPerson</b><br>Test class: testcase.LoginTest</td>
<td></td>
<td>6</td>
<td>testcase.LoginTest@1efbd816</td></tr>
<tr>
<td title='testcase.LoginTest.test_clickPre()'><b>test_clickPre</b><br>Test class: testcase.LoginTest</td>
<td></td>
<td>13</td>
<td>testcase.LoginTest@1efbd816</td></tr>
<tr>
<td title='testcase.LoginTest.test_clickQues()'><b>test_clickQues</b><br>Test class: testcase.LoginTest</td>
<td></td>
<td>12</td>
<td>testcase.LoginTest@1efbd816</td></tr>
<tr>
<td title='testcase.LoginTest.test_clickRoww1()'><b>test_clickRoww1</b><br>Test class: testcase.LoginTest</td>
<td></td>
<td>52</td>
<td>testcase.LoginTest@1efbd816</td></tr>
<tr>
<td title='testcase.LoginTest.test_clickRoww2()'><b>test_clickRoww2</b><br>Test class: testcase.LoginTest</td>
<td></td>
<td>52</td>
<td>testcase.LoginTest@1efbd816</td></tr>
<tr>
<td title='testcase.LoginTest.test_clickRoww3()'><b>test_clickRoww3</b><br>Test class: testcase.LoginTest</td>
<td></td>
<td>52</td>
<td>testcase.LoginTest@1efbd816</td></tr>
<tr>
<td title='testcase.LoginTest.test_clickRoww4()'><b>test_clickRoww4</b><br>Test class: testcase.LoginTest</td>
<td></td>
<td>52</td>
<td>testcase.LoginTest@1efbd816</td></tr>
<tr>
<td title='testcase.LoginTest.test_clickRoww5()'><b>test_clickRoww5</b><br>Test class: testcase.LoginTest</td>
<td></td>
<td>52</td>
<td>testcase.LoginTest@1efbd816</td></tr>
<tr>
<td title='testcase.LoginTest.test_clickShow()'><b>test_clickShow</b><br>Test class: testcase.LoginTest</td>
<td></td>
<td>12</td>
<td>testcase.LoginTest@1efbd816</td></tr>
<tr>
<td title='testcase.LoginTest.test_clickSub()'><b>test_clickSub</b><br>Test class: testcase.LoginTest</td>
<td></td>
<td>12</td>
<td>testcase.LoginTest@1efbd816</td></tr>
<tr>
<td title='testcase.LoginTest.test_clickTemp()'><b>test_clickTemp</b><br>Test class: testcase.LoginTest</td>
<td></td>
<td>12</td>
<td>testcase.LoginTest@1efbd816</td></tr>
<tr>
<td title='testcase.LoginTest.test_clickZhangHao()'><b>test_clickZhangHao</b><br>Test class: testcase.LoginTest</td>
<td></td>
<td>6</td>
<td>testcase.LoginTest@1efbd816</td></tr>
<tr>
<td title='testcase.LoginTest.test_editEmaiFullName()'><b>test_editEmaiFullName</b><br>Test class: testcase.LoginTest</td>
<td></td>
<td>3</td>
<td>testcase.LoginTest@1efbd816</td></tr>
<tr>
<td title='testcase.LoginTest.test_editEmail()'><b>test_editEmail</b><br>Test class: testcase.LoginTest</td>
<td></td>
<td>3</td>
<td>testcase.LoginTest@1efbd816</td></tr>
<tr>
<td title='testcase.LoginTest.test_editPassword()'><b>test_editPassword</b><br>Test class: testcase.LoginTest</td>
<td></td>
<td>19</td>
<td>testcase.LoginTest@1efbd816</td></tr>
<tr>
<td title='testcase.LoginTest.test_editPassword_fail1()'><b>test_editPassword_fail1</b><br>Test class: testcase.LoginTest</td>
<td></td>
<td>19</td>
<td>testcase.LoginTest@1efbd816</td></tr>
<tr>
<td title='testcase.LoginTest.test_editPassword_fail2()'><b>test_editPassword_fail2</b><br>Test class: testcase.LoginTest</td>
<td></td>
<td>19</td>
<td>testcase.LoginTest@1efbd816</td></tr>
<tr>
<td title='testcase.LoginTest.test_editPassword_fail3()'><b>test_editPassword_fail3</b><br>Test class: testcase.LoginTest</td>
<td></td>
<td>19</td>
<td>testcase.LoginTest@1efbd816</td></tr>
<tr>
<td title='testcase.LoginTest.test_editPassword_fail4()'><b>test_editPassword_fail4</b><br>Test class: testcase.LoginTest</td>
<td></td>
<td>19</td>
<td>testcase.LoginTest@1efbd816</td></tr>
<tr>
<td title='testcase.LoginTest.test_editPassword_fail5()'><b>test_editPassword_fail5</b><br>Test class: testcase.LoginTest</td>
<td></td>
<td>19</td>
<td>testcase.LoginTest@1efbd816</td></tr>
<tr>
<td title='testcase.LoginTest.test_login_fail()'><b>test_login_fail</b><br>Test class: testcase.LoginTest</td>
<td></td>
<td>3</td>
<td>testcase.LoginTest@1efbd816</td></tr>
<tr>
<td title='testcase.LoginTest.test_login_success()'><b>test_login_success</b><br>Test class: testcase.LoginTest</td>
<td></td>
<td>4</td>
<td>testcase.LoginTest@1efbd816</td></tr>
<tr>
<td title='testcase.LoginTest.test_selectHtml()'><b>test_selectHtml</b><br>Test class: testcase.LoginTest</td>
<td></td>
<td>12</td>
<td>testcase.LoginTest@1efbd816</td></tr>
<tr>
<td title='testcase.LoginTest.test_selectJie()'><b>test_selectJie</b><br>Test class: testcase.LoginTest</td>
<td></td>
<td>9</td>
<td>testcase.LoginTest@1efbd816</td></tr>
<tr>
<td title='testcase.LoginTest.test_selectLock()'><b>test_selectLock</b><br>Test class: testcase.LoginTest</td>
<td></td>
<td>12</td>
<td>testcase.LoginTest@1efbd816</td></tr>
<tr>
<td title='testcase.LoginTest.test_selectNote()'><b>test_selectNote</b><br>Test class: testcase.LoginTest</td>
<td></td>
<td>12</td>
<td>testcase.LoginTest@1efbd816</td></tr>
</table><p>
</body>
</html>