<?xml version="1.0" encoding="UTF-8"?>
<!-- Generated by org.testng.reporters.JUnitReportReporter -->
<testsuite skipped="49" hostname="DESKTOP-HEKSHLH" name="com.webtest.test.demo" tests="51" failures="0" timestamp="2020-12-04T15:44:17 CST" time="18.754" errors="2">
  <testcase name="test14" time="7.049" classname="com.webtest.test.demo">
    <skipped/>
  </testcase> <!-- test14 -->
  <system-out/>
  <testcase name="test39" time="0.000" classname="com.webtest.test.demo">
    <skipped/>
  </testcase> <!-- test39 -->
  <system-out/>
  <testcase name="test9" time="0.000" classname="com.webtest.test.demo">
    <skipped/>
  </testcase> <!-- test9 -->
  <system-out/>
  <testcase name="test5" time="0.000" classname="com.webtest.test.demo">
    <skipped/>
  </testcase> <!-- test5 -->
  <system-out/>
  <testcase name="test35" time="0.000" classname="com.webtest.test.demo">
    <skipped/>
  </testcase> <!-- test35 -->
  <system-out/>
  <testcase name="test7" time="0.000" classname="com.webtest.test.demo">
    <skipped/>
  </testcase> <!-- test7 -->
  <system-out/>
  <testcase name="test48" time="0.000" classname="com.webtest.test.demo">
    <skipped/>
  </testcase> <!-- test48 -->
  <system-out/>
  <testcase name="test16" time="0.000" classname="com.webtest.test.demo">
    <skipped/>
  </testcase> <!-- test16 -->
  <system-out/>
  <testcase name="test34" time="0.000" classname="com.webtest.test.demo">
    <skipped/>
  </testcase> <!-- test34 -->
  <system-out/>
  <testcase name="test17" time="0.000" classname="com.webtest.test.demo">
    <skipped/>
  </testcase> <!-- test17 -->
  <system-out/>
  <testcase name="test42" time="0.000" classname="com.webtest.test.demo">
    <skipped/>
  </testcase> <!-- test42 -->
  <system-out/>
  <testcase name="test45" time="0.000" classname="com.webtest.test.demo">
    <skipped/>
  </testcase> <!-- test45 -->
  <system-out/>
  <testcase name="test4" time="0.000" classname="com.webtest.test.demo">
    <skipped/>
  </testcase> <!-- test4 -->
  <system-out/>
  <testcase name="test11" time="0.000" classname="com.webtest.test.demo">
    <skipped/>
  </testcase> <!-- test11 -->
  <system-out/>
  <testcase name="test22" time="0.000" classname="com.webtest.test.demo">
    <skipped/>
  </testcase> <!-- test22 -->
  <system-out/>
  <testcase name="test2" time="0.000" classname="com.webtest.test.demo">
    <skipped/>
  </testcase> <!-- test2 -->
  <system-out/>
  <testcase name="test8" time="0.000" classname="com.webtest.test.demo">
    <skipped/>
  </testcase> <!-- test8 -->
  <system-out/>
  <testcase name="test24" time="0.000" classname="com.webtest.test.demo">
    <skipped/>
  </testcase> <!-- test24 -->
  <system-out/>
  <testcase name="test28" time="0.000" classname="com.webtest.test.demo">
    <skipped/>
  </testcase> <!-- test28 -->
  <system-out/>
  <testcase name="test36" time="0.000" classname="com.webtest.test.demo">
    <skipped/>
  </testcase> <!-- test36 -->
  <system-out/>
  <testcase name="test20" time="0.000" classname="com.webtest.test.demo">
    <skipped/>
  </testcase> <!-- test20 -->
  <system-out/>
  <testcase name="test26" time="0.000" classname="com.webtest.test.demo">
    <skipped/>
  </testcase> <!-- test26 -->
  <system-out/>
  <testcase name="test27" time="0.000" classname="com.webtest.test.demo">
    <skipped/>
  </testcase> <!-- test27 -->
  <system-out/>
  <testcase name="test44" time="0.000" classname="com.webtest.test.demo">
    <skipped/>
  </testcase> <!-- test44 -->
  <system-out/>
  <testcase name="test15" time="0.000" classname="com.webtest.test.demo">
    <skipped/>
  </testcase> <!-- test15 -->
  <system-out/>
  <testcase name="test32" time="0.000" classname="com.webtest.test.demo">
    <skipped/>
  </testcase> <!-- test32 -->
  <system-out/>
  <testcase name="test33" time="0.000" classname="com.webtest.test.demo">
    <skipped/>
  </testcase> <!-- test33 -->
  <system-out/>
  <testcase name="test10" time="0.000" classname="com.webtest.test.demo">
    <skipped/>
  </testcase> <!-- test10 -->
  <system-out/>
  <testcase name="test43" time="0.000" classname="com.webtest.test.demo">
    <skipped/>
  </testcase> <!-- test43 -->
  <system-out/>
  <testcase name="test49" time="0.000" classname="com.webtest.test.demo">
    <skipped/>
  </testcase> <!-- test49 -->
  <system-out/>
  <testcase name="test38" time="0.000" classname="com.webtest.test.demo">
    <skipped/>
  </testcase> <!-- test38 -->
  <system-out/>
  <testcase name="test50" time="0.000" classname="com.webtest.test.demo">
    <skipped/>
  </testcase> <!-- test50 -->
  <system-out/>
  <testcase name="close" time="2.054" classname="com.webtest.test.demo">
    <error type="org.openqa.selenium.NoSuchSessionException" message="Tried to run command without establishing a connection
Build info: version: &#039;3.141.59&#039;, revision: &#039;e82be7d358&#039;, time: &#039;2018-11-14T08:25:53&#039;
System info: host: &#039;DESKTOP-HEKSHLH&#039;, ip: &#039;192.168.115.1&#039;, os.name: &#039;Windows 10&#039;, os.arch: &#039;amd64&#039;, os.version: &#039;10.0&#039;, java.version: &#039;1.8.0_212&#039;
Driver info: org.openqa.selenium.firefox.FirefoxDriver
Capabilities {acceptInsecureCerts: true, browserName: firefox, browserVersion: 78.5.0, javascriptEnabled: true, moz:accessibilityChecks: false, moz:buildID: 20201110001500, moz:geckodriverVersion: 0.24.0, moz:headless: false, moz:processID: 7392, moz:profile: C:\Users\ASUS\AppData\Local..., moz:shutdownTimeout: 60000, moz:useNonSpecCompliantPointerOrigin: false, moz:webdriverClick: true, pageLoadStrategy: normal, platform: WINDOWS, platformName: WINDOWS, platformVersion: 10.0, rotatable: false, setWindowRect: true, strictFileInteractability: false, timeouts: {implicit: 0, pageLoad: 300000, script: 30000}, unhandledPromptBehavior: dismiss and notify}
Session ID: a7eb310f-ac6a-4e91-a9a6-3d0f734d9996">
      <![CDATA[org.openqa.selenium.NoSuchSessionException: Tried to run command without establishing a connection
Build info: version: '3.141.59', revision: 'e82be7d358', time: '2018-11-14T08:25:53'
System info: host: 'DESKTOP-HEKSHLH', ip: '192.168.115.1', os.name: 'Windows 10', os.arch: 'amd64', os.version: '10.0', java.version: '1.8.0_212'
Driver info: org.openqa.selenium.firefox.FirefoxDriver
Capabilities {acceptInsecureCerts: true, browserName: firefox, browserVersion: 78.5.0, javascriptEnabled: true, moz:accessibilityChecks: false, moz:buildID: 20201110001500, moz:geckodriverVersion: 0.24.0, moz:headless: false, moz:processID: 7392, moz:profile: C:\Users\ASUS\AppData\Local..., moz:shutdownTimeout: 60000, moz:useNonSpecCompliantPointerOrigin: false, moz:webdriverClick: true, pageLoadStrategy: normal, platform: WINDOWS, platformName: WINDOWS, platformVersion: 10.0, rotatable: false, setWindowRect: true, strictFileInteractability: false, timeouts: {implicit: 0, pageLoad: 300000, script: 30000}, unhandledPromptBehavior: dismiss and notify}
Session ID: a7eb310f-ac6a-4e91-a9a6-3d0f734d9996
at sun.reflect.NativeConstructorAccessorImpl.newInstance0(Native Method)
at sun.reflect.NativeConstructorAccessorImpl.newInstance(Unknown Source)
at sun.reflect.DelegatingConstructorAccessorImpl.newInstance(Unknown Source)
at java.lang.reflect.Constructor.newInstance(Unknown Source)
at org.openqa.selenium.remote.http.W3CHttpResponseCodec.createException(W3CHttpResponseCodec.java:187)
at org.openqa.selenium.remote.http.W3CHttpResponseCodec.decode(W3CHttpResponseCodec.java:122)
at org.openqa.selenium.remote.http.W3CHttpResponseCodec.decode(W3CHttpResponseCodec.java:49)
at org.openqa.selenium.remote.HttpCommandExecutor.execute(HttpCommandExecutor.java:158)
at org.openqa.selenium.remote.service.DriverCommandExecutor.execute(DriverCommandExecutor.java:83)
at org.openqa.selenium.remote.RemoteWebDriver.execute(RemoteWebDriver.java:552)
at org.openqa.selenium.remote.RemoteWebDriver.execute(RemoteWebDriver.java:609)
at org.openqa.selenium.remote.RemoteWebDriver.quit(RemoteWebDriver.java:452)
at Base.BaseTest.close(BaseTest.java:30)
at sun.reflect.NativeMethodAccessorImpl.invoke0(Native Method)
at sun.reflect.NativeMethodAccessorImpl.invoke(Unknown Source)
at sun.reflect.DelegatingMethodAccessorImpl.invoke(Unknown Source)
at java.lang.reflect.Method.invoke(Unknown Source)
at org.testng.internal.MethodInvocationHelper.invokeMethod(MethodInvocationHelper.java:134)
at org.testng.internal.MethodInvocationHelper.invokeMethodConsideringTimeout(MethodInvocationHelper.java:63)
at org.testng.internal.ConfigInvoker.invokeConfigurationMethod(ConfigInvoker.java:348)
at org.testng.internal.ConfigInvoker.invokeConfigurations(ConfigInvoker.java:302)
at org.testng.internal.TestInvoker.runConfigMethods(TestInvoker.java:695)
at org.testng.internal.TestInvoker.runAfterGroupsConfigurations(TestInvoker.java:671)
at org.testng.internal.TestInvoker.invokeMethod(TestInvoker.java:655)
at org.testng.internal.TestInvoker.invokeTestMethod(TestInvoker.java:173)
at org.testng.internal.MethodRunner.runInSequence(MethodRunner.java:46)
at org.testng.internal.TestInvoker$MethodInvocationAgent.invoke(TestInvoker.java:816)
at org.testng.internal.TestInvoker.invokeTestMethods(TestInvoker.java:146)
at org.testng.internal.TestMethodWorker.invokeTestMethods(TestMethodWorker.java:146)
at org.testng.internal.TestMethodWorker.run(TestMethodWorker.java:128)
at java.util.ArrayList.forEach(Unknown Source)
at org.testng.TestRunner.privateRun(TestRunner.java:766)
at org.testng.TestRunner.run(TestRunner.java:587)
at org.testng.SuiteRunner.runTest(SuiteRunner.java:384)
at org.testng.SuiteRunner.runSequentially(SuiteRunner.java:378)
at org.testng.SuiteRunner.privateRun(SuiteRunner.java:337)
at org.testng.SuiteRunner.run(SuiteRunner.java:286)
at org.testng.SuiteRunnerWorker.runSuite(SuiteRunnerWorker.java:53)
at org.testng.SuiteRunnerWorker.run(SuiteRunnerWorker.java:96)
at org.testng.TestNG.runSuitesSequentially(TestNG.java:1187)
at org.testng.TestNG.runSuitesLocally(TestNG.java:1109)
at org.testng.TestNG.runSuites(TestNG.java:1039)
at org.testng.TestNG.run(TestNG.java:1007)
at org.testng.remote.AbstractRemoteTestNG.run(AbstractRemoteTestNG.java:115)
at org.testng.remote.RemoteTestNG.initAndRun(RemoteTestNG.java:251)
at org.testng.remote.RemoteTestNG.main(RemoteTestNG.java:77)
]]>
    </error>
  </testcase> <!-- close -->
  <system-out/>
  <testcase name="test19" time="0.000" classname="com.webtest.test.demo">
    <skipped/>
  </testcase> <!-- test19 -->
  <system-out/>
  <testcase name="test30" time="0.000" classname="com.webtest.test.demo">
    <skipped/>
  </testcase> <!-- test30 -->
  <system-out/>
  <testcase name="test25" time="0.000" classname="com.webtest.test.demo">
    <skipped/>
  </testcase> <!-- test25 -->
  <system-out/>
  <testcase name="test37" time="0.000" classname="com.webtest.test.demo">
    <skipped/>
  </testcase> <!-- test37 -->
  <system-out/>
  <testcase name="test12" time="0.000" classname="com.webtest.test.demo">
    <skipped/>
  </testcase> <!-- test12 -->
  <system-out/>
  <testcase name="test29" time="0.000" classname="com.webtest.test.demo">
    <skipped/>
  </testcase> <!-- test29 -->
  <system-out/>
  <testcase name="test3" time="0.000" classname="com.webtest.test.demo">
    <skipped/>
  </testcase> <!-- test3 -->
  <system-out/>
  <testcase name="test31" time="0.000" classname="com.webtest.test.demo">
    <skipped/>
  </testcase> <!-- test31 -->
  <system-out/>
  <testcase name="test41" time="0.000" classname="com.webtest.test.demo">
    <skipped/>
  </testcase> <!-- test41 -->
  <system-out/>
  <testcase name="test40" time="0.000" classname="com.webtest.test.demo">
    <skipped/>
  </testcase> <!-- test40 -->
  <system-out/>
  <testcase name="test6" time="0.000" classname="com.webtest.test.demo">
    <skipped/>
  </testcase> <!-- test6 -->
  <system-out/>
  <testcase name="test18" time="0.000" classname="com.webtest.test.demo">
    <skipped/>
  </testcase> <!-- test18 -->
  <system-out/>
  <testcase name="test1" time="9.651" classname="com.webtest.test.demo">
    <error type="org.openqa.selenium.WebDriverException" message="Failed to decode response from marionette
Build info: version: &#039;3.141.59&#039;, revision: &#039;e82be7d358&#039;, time: &#039;2018-11-14T08:25:53&#039;
System info: host: &#039;DESKTOP-HEKSHLH&#039;, ip: &#039;192.168.115.1&#039;, os.name: &#039;Windows 10&#039;, os.arch: &#039;amd64&#039;, os.version: &#039;10.0&#039;, java.version: &#039;1.8.0_212&#039;
Driver info: org.openqa.selenium.firefox.FirefoxDriver
Capabilities {acceptInsecureCerts: true, browserName: firefox, browserVersion: 78.5.0, javascriptEnabled: true, moz:accessibilityChecks: false, moz:buildID: 20201110001500, moz:geckodriverVersion: 0.24.0, moz:headless: false, moz:processID: 7392, moz:profile: C:\Users\ASUS\AppData\Local..., moz:shutdownTimeout: 60000, moz:useNonSpecCompliantPointerOrigin: false, moz:webdriverClick: true, pageLoadStrategy: normal, platform: WINDOWS, platformName: WINDOWS, platformVersion: 10.0, rotatable: false, setWindowRect: true, strictFileInteractability: false, timeouts: {implicit: 0, pageLoad: 300000, script: 30000}, unhandledPromptBehavior: dismiss and notify}
Session ID: a7eb310f-ac6a-4e91-a9a6-3d0f734d9996
*** Element info: {Using=xpath, value=//div[@id=&#039;advancedTextEditor&#039;]/div/div[6]/div/div[3]/div[2]/div}">
      <![CDATA[org.openqa.selenium.WebDriverException: Failed to decode response from marionette
Build info: version: '3.141.59', revision: 'e82be7d358', time: '2018-11-14T08:25:53'
System info: host: 'DESKTOP-HEKSHLH', ip: '192.168.115.1', os.name: 'Windows 10', os.arch: 'amd64', os.version: '10.0', java.version: '1.8.0_212'
Driver info: org.openqa.selenium.firefox.FirefoxDriver
Capabilities {acceptInsecureCerts: true, browserName: firefox, browserVersion: 78.5.0, javascriptEnabled: true, moz:accessibilityChecks: false, moz:buildID: 20201110001500, moz:geckodriverVersion: 0.24.0, moz:headless: false, moz:processID: 7392, moz:profile: C:\Users\ASUS\AppData\Local..., moz:shutdownTimeout: 60000, moz:useNonSpecCompliantPointerOrigin: false, moz:webdriverClick: true, pageLoadStrategy: normal, platform: WINDOWS, platformName: WINDOWS, platformVersion: 10.0, rotatable: false, setWindowRect: true, strictFileInteractability: false, timeouts: {implicit: 0, pageLoad: 300000, script: 30000}, unhandledPromptBehavior: dismiss and notify}
Session ID: a7eb310f-ac6a-4e91-a9a6-3d0f734d9996
*** Element info: {Using=xpath, value=//div[@id='advancedTextEditor']/div/div[6]/div/div[3]/div[2]/div}
at sun.reflect.NativeConstructorAccessorImpl.newInstance0(Native Method)
at sun.reflect.NativeConstructorAccessorImpl.newInstance(Unknown Source)
at sun.reflect.DelegatingConstructorAccessorImpl.newInstance(Unknown Source)
at java.lang.reflect.Constructor.newInstance(Unknown Source)
at org.openqa.selenium.remote.http.W3CHttpResponseCodec.createException(W3CHttpResponseCodec.java:187)
at org.openqa.selenium.remote.http.W3CHttpResponseCodec.decode(W3CHttpResponseCodec.java:122)
at org.openqa.selenium.remote.http.W3CHttpResponseCodec.decode(W3CHttpResponseCodec.java:49)
at org.openqa.selenium.remote.HttpCommandExecutor.execute(HttpCommandExecutor.java:158)
at org.openqa.selenium.remote.service.DriverCommandExecutor.execute(DriverCommandExecutor.java:83)
at org.openqa.selenium.remote.RemoteWebDriver.execute(RemoteWebDriver.java:552)
at org.openqa.selenium.remote.RemoteWebDriver.findElement(RemoteWebDriver.java:323)
at org.openqa.selenium.remote.RemoteWebDriver.findElementByXPath(RemoteWebDriver.java:428)
at org.openqa.selenium.By$ByXPath.findElement(By.java:353)
at org.openqa.selenium.remote.RemoteWebDriver.findElement(RemoteWebDriver.java:315)
at Page.MainPage.exit_endmessage(MainPage.java:38)
at Page.MainPage.Test1Page(MainPage.java:469)
at com.webtest.test.demo.test1(demo.java:20)
at sun.reflect.NativeMethodAccessorImpl.invoke0(Native Method)
at sun.reflect.NativeMethodAccessorImpl.invoke(Unknown Source)
at sun.reflect.DelegatingMethodAccessorImpl.invoke(Unknown Source)
at java.lang.reflect.Method.invoke(Unknown Source)
at org.testng.internal.MethodInvocationHelper.invokeMethod(MethodInvocationHelper.java:134)
at org.testng.internal.TestInvoker.invokeMethod(TestInvoker.java:597)
at org.testng.internal.TestInvoker.invokeTestMethod(TestInvoker.java:173)
at org.testng.internal.MethodRunner.runInSequence(MethodRunner.java:46)
at org.testng.internal.TestInvoker$MethodInvocationAgent.invoke(TestInvoker.java:816)
at org.testng.internal.TestInvoker.invokeTestMethods(TestInvoker.java:146)
at org.testng.internal.TestMethodWorker.invokeTestMethods(TestMethodWorker.java:146)
at org.testng.internal.TestMethodWorker.run(TestMethodWorker.java:128)
at java.util.ArrayList.forEach(Unknown Source)
at org.testng.TestRunner.privateRun(TestRunner.java:766)
at org.testng.TestRunner.run(TestRunner.java:587)
at org.testng.SuiteRunner.runTest(SuiteRunner.java:384)
at org.testng.SuiteRunner.runSequentially(SuiteRunner.java:378)
at org.testng.SuiteRunner.privateRun(SuiteRunner.java:337)
at org.testng.SuiteRunner.run(SuiteRunner.java:286)
at org.testng.SuiteRunnerWorker.runSuite(SuiteRunnerWorker.java:53)
at org.testng.SuiteRunnerWorker.run(SuiteRunnerWorker.java:96)
at org.testng.TestNG.runSuitesSequentially(TestNG.java:1187)
at org.testng.TestNG.runSuitesLocally(TestNG.java:1109)
at org.testng.TestNG.runSuites(TestNG.java:1039)
at org.testng.TestNG.run(TestNG.java:1007)
at org.testng.remote.AbstractRemoteTestNG.run(AbstractRemoteTestNG.java:115)
at org.testng.remote.RemoteTestNG.initAndRun(RemoteTestNG.java:251)
at org.testng.remote.RemoteTestNG.main(RemoteTestNG.java:77)
]]>
    </error>
  </testcase> <!-- test1 -->
  <system-out/>
  <testcase name="test21" time="0.000" classname="com.webtest.test.demo">
    <skipped/>
  </testcase> <!-- test21 -->
  <system-out/>
  <testcase name="test23" time="0.000" classname="com.webtest.test.demo">
    <skipped/>
  </testcase> <!-- test23 -->
  <system-out/>
  <testcase name="test47" time="0.000" classname="com.webtest.test.demo">
    <skipped/>
  </testcase> <!-- test47 -->
  <system-out/>
  <testcase name="test13" time="0.000" classname="com.webtest.test.demo">
    <skipped/>
  </testcase> <!-- test13 -->
  <system-out/>
  <testcase name="test46" time="0.000" classname="com.webtest.test.demo">
    <skipped/>
  </testcase> <!-- test46 -->
  <system-out/>
</testsuite> <!-- com.webtest.test.demo -->
