<?xml version="1.0" encoding="UTF-8"?>
<!-- Generated by org.testng.reporters.JUnitReportReporter -->
<testsuite skipped="0" hostname="DESKTOP-4P44GED" name="com.test.demo.SmokeTesting" tests="70" failures="3" timestamp="2020-12-03T09:15:03 CST" time="1475.143" errors="0">
  <testcase name="testLogoOff" time="15.198" classname="com.test.demo.SmokeTesting"/>
  <system-out/>
  <testcase name="testLogoOn" time="13.813" classname="com.test.demo.SmokeTesting"/>
  <system-out/>
  <testcase name="testSurveyListOn" time="15.148" classname="com.test.demo.SmokeTesting"/>
  <system-out/>
  <testcase name="testSurveyListOff" time="14.126" classname="com.test.demo.SmokeTesting"/>
  <system-out/>
  <testcase name="testContainerOff" time="0.010" classname="com.test.demo.SmokeTesting"/>
  <system-out/>
  <testcase name="testContainerOn" time="14.631" classname="com.test.demo.SmokeTesting">
    <failure type="java.lang.AssertionError" message="expected [true] but found [false]">
      <![CDATA[java.lang.AssertionError: expected [true] but found [false]
at org.testng.Assert.fail(Assert.java:97)
at org.testng.Assert.failNotEquals(Assert.java:969)
at org.testng.Assert.assertTrue(Assert.java:43)
at org.testng.Assert.assertTrue(Assert.java:53)
at com.test.demo.SmokeTesting.testContainerOn(SmokeTesting.java:116)
at sun.reflect.NativeMethodAccessorImpl.invoke0(Native Method)
at sun.reflect.NativeMethodAccessorImpl.invoke(Unknown Source)
at sun.reflect.DelegatingMethodAccessorImpl.invoke(Unknown Source)
at java.lang.reflect.Method.invoke(Unknown Source)
at org.testng.internal.MethodInvocationHelper.invokeMethod(MethodInvocationHelper.java:134)
at org.testng.internal.TestInvoker.invokeMethod(TestInvoker.java:597)
at org.testng.internal.TestInvoker.invokeTestMethod(TestInvoker.java:173)
at org.testng.internal.MethodRunner.runInSequence(MethodRunner.java:46)
at org.testng.internal.TestInvoker$MethodInvocationAgent.invoke(TestInvoker.java:816)
at org.testng.internal.TestInvoker.invokeTestMethods(TestInvoker.java:146)
at org.testng.internal.TestMethodWorker.invokeTestMethods(TestMethodWorker.java:146)
at org.testng.internal.TestMethodWorker.run(TestMethodWorker.java:128)
at java.util.ArrayList.forEach(Unknown Source)
at org.testng.TestRunner.privateRun(TestRunner.java:766)
at org.testng.TestRunner.run(TestRunner.java:587)
at org.testng.SuiteRunner.runTest(SuiteRunner.java:384)
at org.testng.SuiteRunner.runSequentially(SuiteRunner.java:378)
at org.testng.SuiteRunner.privateRun(SuiteRunner.java:337)
at org.testng.SuiteRunner.run(SuiteRunner.java:286)
at org.testng.SuiteRunnerWorker.runSuite(SuiteRunnerWorker.java:53)
at org.testng.SuiteRunnerWorker.run(SuiteRunnerWorker.java:96)
at org.testng.TestNG.runSuitesSequentially(TestNG.java:1187)
at org.testng.TestNG.runSuitesLocally(TestNG.java:1109)
at org.testng.TestNG.runSuites(TestNG.java:1039)
at org.testng.TestNG.run(TestNG.java:1007)
at org.testng.remote.AbstractRemoteTestNG.run(AbstractRemoteTestNG.java:115)
at org.testng.remote.RemoteTestNG.initAndRun(RemoteTestNG.java:251)
at org.testng.remote.RemoteTestNG.main(RemoteTestNG.java:77)
]]>
    </failure>
  </testcase> <!-- testContainerOn -->
  <system-out/>
  <testcase name="testLastSurveyOff" time="13.562" classname="com.test.demo.SmokeTesting"/>
  <system-out/>
  <testcase name="testLastSurveyOn" time="13.756" classname="com.test.demo.SmokeTesting"/>
  <system-out/>
  <testcase name="testSearchOff" time="42.483" classname="com.test.demo.SmokeTesting"/>
  <system-out/>
  <testcase name="testSearchOn" time="41.852" classname="com.test.demo.SmokeTesting"/>
  <system-out/>
  <testcase name="testChangeCol" time="0.015" classname="com.test.demo.SmokeTesting"/>
  <system-out/>
  <testcase name="testChangeBtnDirection" time="19.170" classname="com.test.demo.SmokeTesting"/>
  <system-out/>
  <testcase name="testCreateBtn" time="30.396" classname="com.test.demo.SmokeTesting"/>
  <system-out/>
  <testcase name="testDeleteBtn" time="17.843" classname="com.test.demo.SmokeTesting"/>
  <system-out/>
  <testcase name="testEditBtnFromExcel" time="29.699" classname="com.test.demo.SmokeTesting"/>
  <system-out/>
  <testcase name="testEditBtnFromExcel" time="30.143" classname="com.test.demo.SmokeTesting"/>
  <system-out/>
  <testcase name="testEditBtnFromExcel" time="29.620" classname="com.test.demo.SmokeTesting"/>
  <system-out/>
  <testcase name="testEditBtnFromExcel" time="30.019" classname="com.test.demo.SmokeTesting"/>
  <system-out/>
  <testcase name="testEditBtnFromExcel" time="29.914" classname="com.test.demo.SmokeTesting"/>
  <system-out/>
  <testcase name="testEditBtnPosition" time="17.827" classname="com.test.demo.SmokeTesting"/>
  <system-out/>
  <testcase name="testEditBtnUrl" time="26.950" classname="com.test.demo.SmokeTesting"/>
  <system-out/>
  <testcase name="testEditBtnTitle" time="19.437" classname="com.test.demo.SmokeTesting"/>
  <system-out/>
  <testcase name="testEditBtnIcon" time="24.631" classname="com.test.demo.SmokeTesting"/>
  <system-out/>
  <testcase name="testEditBtnDescription" time="18.131" classname="com.test.demo.SmokeTesting"/>
  <system-out/>
  <testcase name="testEditBtnShowTo" time="23.151" classname="com.test.demo.SmokeTesting"/>
  <system-out/>
  <testcase name="testCreateBtnFromExcel" time="30.160" classname="com.test.demo.SmokeTesting"/>
  <system-out/>
  <testcase name="testCreateBtnFromExcel" time="30.295" classname="com.test.demo.SmokeTesting"/>
  <system-out/>
  <testcase name="testCreateBtnFromExcel" time="30.320" classname="com.test.demo.SmokeTesting"/>
  <system-out/>
  <testcase name="testCreateBtnFromExcel" time="30.236" classname="com.test.demo.SmokeTesting"/>
  <system-out/>
  <testcase name="testCreateBtnFromExcel" time="30.054" classname="com.test.demo.SmokeTesting"/>
  <system-out/>
  <testcase name="testRestoreBtn" time="17.284" classname="com.test.demo.SmokeTesting"/>
  <system-out/>
  <testcase name="testShowPhpConf" time="21.475" classname="com.test.demo.SmokeTesting"/>
  <system-out/>
  <testcase name="testChangeSiteName" time="15.197" classname="com.test.demo.SmokeTesting"/>
  <system-out/>
  <testcase name="testChangeDefaultTheme" time="19.504" classname="com.test.demo.SmokeTesting"/>
  <system-out/>
  <testcase name="testChangeAdminTheme" time="19.435" classname="com.test.demo.SmokeTesting"/>
  <system-out/>
  <testcase name="testChangeTimeAdjust" time="14.102" classname="com.test.demo.SmokeTesting"/>
  <system-out/>
  <testcase name="testChangeCharacterset" time="19.314" classname="com.test.demo.SmokeTesting"/>
  <system-out/>
  <testcase name="testChangeKeys" time="14.488" classname="com.test.demo.SmokeTesting"/>
  <system-out/>
  <testcase name="testChangeKeysFromRxcel" time="14.240" classname="com.test.demo.SmokeTesting"/>
  <system-out/>
  <testcase name="testChangeKeysFromRxcel" time="14.658" classname="com.test.demo.SmokeTesting"/>
  <system-out/>
  <testcase name="testChangeKeysFromRxcel" time="14.133" classname="com.test.demo.SmokeTesting"/>
  <system-out/>
  <testcase name="testChangeKeysFromRxcel" time="14.430" classname="com.test.demo.SmokeTesting"/>
  <system-out/>
  <testcase name="testChangeKeysFromRxcel" time="14.621" classname="com.test.demo.SmokeTesting"/>
  <system-out/>
  <testcase name="testChangeToSoftMode" time="17.329" classname="com.test.demo.SmokeTesting"/>
  <system-out/>
  <testcase name="testChangeToHardMode" time="17.457" classname="com.test.demo.SmokeTesting"/>
  <system-out/>
  <testcase name="testChangeToClosedMode" time="17.494" classname="com.test.demo.SmokeTesting"/>
  <system-out/>
  <testcase name="testRefreshAssets" time="22.822" classname="com.test.demo.SmokeTesting"/>
  <system-out/>
  <testcase name="testChangeHtmlEditor1" time="18.068" classname="com.test.demo.SmokeTesting"/>
  <system-out/>
  <testcase name="testChangeHtmlEditor2" time="17.767" classname="com.test.demo.SmokeTesting"/>
  <system-out/>
  <testcase name="testChangeDefaultAdminEmail" time="23.187" classname="com.test.demo.SmokeTesting">
    <failure type="java.lang.AssertionError" message="expected [testchangedemail@qq.com] but found [314956177@qq.com]">
      <![CDATA[java.lang.AssertionError: expected [testchangedemail@qq.com] but found [314956177@qq.com]
at org.testng.Assert.fail(Assert.java:97)
at org.testng.Assert.assertEqualsImpl(Assert.java:136)
at org.testng.Assert.assertEquals(Assert.java:118)
at org.testng.Assert.assertEquals(Assert.java:575)
at org.testng.Assert.assertEquals(Assert.java:585)
at com.test.demo.SmokeTesting.testChangeDefaultAdminEmail(SmokeTesting.java:498)
at sun.reflect.NativeMethodAccessorImpl.invoke0(Native Method)
at sun.reflect.NativeMethodAccessorImpl.invoke(Unknown Source)
at sun.reflect.DelegatingMethodAccessorImpl.invoke(Unknown Source)
at java.lang.reflect.Method.invoke(Unknown Source)
at org.testng.internal.MethodInvocationHelper.invokeMethod(MethodInvocationHelper.java:134)
at org.testng.internal.TestInvoker.invokeMethod(TestInvoker.java:597)
at org.testng.internal.TestInvoker.invokeTestMethod(TestInvoker.java:173)
at org.testng.internal.MethodRunner.runInSequence(MethodRunner.java:46)
at org.testng.internal.TestInvoker$MethodInvocationAgent.invoke(TestInvoker.java:816)
at org.testng.internal.TestInvoker.invokeTestMethods(TestInvoker.java:146)
at org.testng.internal.TestMethodWorker.invokeTestMethods(TestMethodWorker.java:146)
at org.testng.internal.TestMethodWorker.run(TestMethodWorker.java:128)
at java.util.ArrayList.forEach(Unknown Source)
at org.testng.TestRunner.privateRun(TestRunner.java:766)
at org.testng.TestRunner.run(TestRunner.java:587)
at org.testng.SuiteRunner.runTest(SuiteRunner.java:384)
at org.testng.SuiteRunner.runSequentially(SuiteRunner.java:378)
at org.testng.SuiteRunner.privateRun(SuiteRunner.java:337)
at org.testng.SuiteRunner.run(SuiteRunner.java:286)
at org.testng.SuiteRunnerWorker.runSuite(SuiteRunnerWorker.java:53)
at org.testng.SuiteRunnerWorker.run(SuiteRunnerWorker.java:96)
at org.testng.TestNG.runSuitesSequentially(TestNG.java:1187)
at org.testng.TestNG.runSuitesLocally(TestNG.java:1109)
at org.testng.TestNG.runSuites(TestNG.java:1039)
at org.testng.TestNG.run(TestNG.java:1007)
at org.testng.remote.AbstractRemoteTestNG.run(AbstractRemoteTestNG.java:115)
at org.testng.remote.RemoteTestNG.initAndRun(RemoteTestNG.java:251)
at org.testng.remote.RemoteTestNG.main(RemoteTestNG.java:77)
]]>
    </failure>
  </testcase> <!-- testChangeDefaultAdminEmail -->
  <system-out/>
  <testcase name="testChangeSiteAdminName" time="21.537" classname="com.test.demo.SmokeTesting">
    <failure type="java.lang.AssertionError" message="expected [testChangedAdmin] but found [Administrator]">
      <![CDATA[java.lang.AssertionError: expected [testChangedAdmin] but found [Administrator]
at org.testng.Assert.fail(Assert.java:97)
at org.testng.Assert.assertEqualsImpl(Assert.java:136)
at org.testng.Assert.assertEquals(Assert.java:118)
at org.testng.Assert.assertEquals(Assert.java:575)
at org.testng.Assert.assertEquals(Assert.java:585)
at com.test.demo.SmokeTesting.testChangeSiteAdminName(SmokeTesting.java:511)
at sun.reflect.NativeMethodAccessorImpl.invoke0(Native Method)
at sun.reflect.NativeMethodAccessorImpl.invoke(Unknown Source)
at sun.reflect.DelegatingMethodAccessorImpl.invoke(Unknown Source)
at java.lang.reflect.Method.invoke(Unknown Source)
at org.testng.internal.MethodInvocationHelper.invokeMethod(MethodInvocationHelper.java:134)
at org.testng.internal.TestInvoker.invokeMethod(TestInvoker.java:597)
at org.testng.internal.TestInvoker.invokeTestMethod(TestInvoker.java:173)
at org.testng.internal.MethodRunner.runInSequence(MethodRunner.java:46)
at org.testng.internal.TestInvoker$MethodInvocationAgent.invoke(TestInvoker.java:816)
at org.testng.internal.TestInvoker.invokeTestMethods(TestInvoker.java:146)
at org.testng.internal.TestMethodWorker.invokeTestMethods(TestMethodWorker.java:146)
at org.testng.internal.TestMethodWorker.run(TestMethodWorker.java:128)
at java.util.ArrayList.forEach(Unknown Source)
at org.testng.TestRunner.privateRun(TestRunner.java:766)
at org.testng.TestRunner.run(TestRunner.java:587)
at org.testng.SuiteRunner.runTest(SuiteRunner.java:384)
at org.testng.SuiteRunner.runSequentially(SuiteRunner.java:378)
at org.testng.SuiteRunner.privateRun(SuiteRunner.java:337)
at org.testng.SuiteRunner.run(SuiteRunner.java:286)
at org.testng.SuiteRunnerWorker.runSuite(SuiteRunnerWorker.java:53)
at org.testng.SuiteRunnerWorker.run(SuiteRunnerWorker.java:96)
at org.testng.TestNG.runSuitesSequentially(TestNG.java:1187)
at org.testng.TestNG.runSuitesLocally(TestNG.java:1109)
at org.testng.TestNG.runSuites(TestNG.java:1039)
at org.testng.TestNG.run(TestNG.java:1007)
at org.testng.remote.AbstractRemoteTestNG.run(AbstractRemoteTestNG.java:115)
at org.testng.remote.RemoteTestNG.initAndRun(RemoteTestNG.java:251)
at org.testng.remote.RemoteTestNG.main(RemoteTestNG.java:77)
]]>
    </failure>
  </testcase> <!-- testChangeSiteAdminName -->
  <system-out/>
  <testcase name="testChangeSMTPFromExcel" time="21.988" classname="com.test.demo.SmokeTesting"/>
  <system-out/>
  <testcase name="testChangeSMTPFromExcel" time="21.759" classname="com.test.demo.SmokeTesting"/>
  <system-out/>
  <testcase name="testChangeSMTPFromExcel" time="21.793" classname="com.test.demo.SmokeTesting"/>
  <system-out/>
  <testcase name="testChangeSMTPFromExcel" time="21.663" classname="com.test.demo.SmokeTesting"/>
  <system-out/>
  <testcase name="testChangeSMTPSSL1" time="21.368" classname="com.test.demo.SmokeTesting"/>
  <system-out/>
  <testcase name="testChangeSMTPSSL2" time="21.720" classname="com.test.demo.SmokeTesting"/>
  <system-out/>
  <testcase name="testChangeSMTPDebug1" time="21.070" classname="com.test.demo.SmokeTesting"/>
  <system-out/>
  <testcase name="testChangeSMTPDebug2" time="20.704" classname="com.test.demo.SmokeTesting"/>
  <system-out/>
  <testcase name="testChangeBounceAccountFromExcel" time="21.555" classname="com.test.demo.SmokeTesting"/>
  <system-out/>
  <testcase name="testChangeBounceAccountFromExcel" time="21.616" classname="com.test.demo.SmokeTesting"/>
  <system-out/>
  <testcase name="testChangeBounceAccountFromExcel" time="22.041" classname="com.test.demo.SmokeTesting"/>
  <system-out/>
  <testcase name="testChangeBounceAccountFromExcel" time="21.700" classname="com.test.demo.SmokeTesting"/>
  <system-out/>
  <testcase name="testChangeDefaultLanguage" time="23.456" classname="com.test.demo.SmokeTesting"/>
  <system-out/>
  <testcase name="testDeleteLanguage" time="27.912" classname="com.test.demo.SmokeTesting"/>
  <system-out/>
  <testcase name="testAddLanguage" time="28.036" classname="com.test.demo.SmokeTesting"/>
  <system-out/>
  <testcase name="testEditPresentationFromExcel" time="17.953" classname="com.test.demo.SmokeTesting"/>
  <system-out/>
  <testcase name="testEditPresentationFromExcel" time="18.051" classname="com.test.demo.SmokeTesting"/>
  <system-out/>
  <testcase name="testEditPresentationFromExcel" time="18.940" classname="com.test.demo.SmokeTesting"/>
  <system-out/>
  <testcase name="testChangeSurveyPreviewRequire" time="30.686" classname="com.test.demo.SmokeTesting"/>
  <system-out/>
</testsuite> <!-- com.test.demo.SmokeTesting -->
